21:44:55.424 | === CHIMERA DEBUG LOG STARTED ===
21:44:55.424 | CfdEngine constructor called
21:44:57.277 | CfdEngine loop started
21:44:57.288 | FIX Config: host=demo-uk-eqx-01.p.c-trader.com quote_port=5211 trade_port=5212
21:44:57.288 | RECONNECT attempt #1 backoff=5s
21:44:59.306 | Calling fixClient_.connect()...
21:44:59.908 | CONNECTION FIX = CONNECTED
21:45:00.473 | Security list ready, subscribing symbols
21:45:00.498 | Subscribed to all symbols
21:45:00.503 | TICK EURUSD bid=1.17451 ask=1.17462 spread=0.00011
21:45:00.504 | REASON_CHANGE EURUSD:  -> INIT
21:45:00.504 | TICK GBPUSD bid=1.34713 ask=1.34769 spread=0.00056
21:45:00.504 | REASON_CHANGE GBPUSD:  -> INIT
21:45:00.510 | TICK AUDUSD bid=0.66724 ask=0.66746 spread=0.00022
21:45:00.510 | REASON_CHANGE AUDUSD:  -> INIT
21:45:00.510 | TICK XAUUSD bid=4318.46000 ask=4318.68000 spread=0.22000
21:45:00.511 | REASON_CHANGE XAUUSD:  -> INIT
21:45:00.511 | TICK US30 bid=48067.00000 ask=48070.00000 spread=3.00000
21:45:00.511 | REASON_CHANGE US30:  -> INIT
21:45:00.512 | TICK NAS100 bid=25215.60000 ask=25216.80000 spread=1.20000
21:45:00.512 | REASON_CHANGE NAS100:  -> INIT
21:45:00.512 | TICK USDJPY bid=156.63600 ask=156.70500 spread=0.06900
21:45:00.513 | REASON_CHANGE USDJPY:  -> INIT
21:45:00.529 | TICK USDCAD bid=1.37227 ask=1.37271 spread=0.00044
21:45:00.529 | REASON_CHANGE USDCAD:  -> INIT
21:45:00.529 | TICK AUDNZD bid=1.15893 ask=1.15992 spread=0.00099
21:45:00.529 | REASON_CHANGE AUDNZD:  -> INIT
21:45:00.530 | TICK USDCHF bid=0.79249 ask=0.79262 spread=0.00013
21:45:00.530 | REASON_CHANGE USDCHF:  -> INIT
21:45:00.530 | TICK XAGUSD bid=71.60800 ask=71.62700 spread=0.01900
21:45:00.530 | REASON_CHANGE XAGUSD:  -> INIT
21:45:00.530 | TICK SPX500 bid=6846.50000 ask=6847.20000 spread=0.70000
21:45:00.530 | REASON_CHANGE SPX500:  -> INIT
