2025-12-27 08:34:20.612 [INFO] [SYSTEM] TradeLogger started
2025-12-27 08:34:20.612 [INFO] [ENGINE] Alpha Engine v1.2.0 starting
2025-12-27 08:34:20.624 [INFO] [ENGINE] Connecting to cTrader FIX
2025-12-27 08:34:20.816 [INFO] [FIX] State: QUOTE=DOWN TRADE=UP
2025-12-27 08:34:20.940 [INFO] [FIX] State: QUOTE=UP TRADE=UP
2025-12-27 08:34:20.086 [INFO] [FIX] [XAUUSD] Subscribed to XAUUSD
2025-12-27 08:34:20.086 [INFO] [FIX] [NAS100] Subscribed to NAS100
2025-12-27 08:34:20.087 [INFO] [ENGINE] Engine started successfully
2025-12-27 08:34:20.087 [INFO] [ENGINE] Main loop started
2025-12-27 08:37:49.759 [INFO] [ENGINE] Engine stopping
2025-12-27 08:37:49.765 [INFO] [FIX] State: QUOTE=DOWN TRADE=UP
2025-12-27 08:37:49.773 [INFO] [ENGINE] Main loop exited
2025-12-27 08:37:50.957 [INFO] [FIX] State: QUOTE=DOWN TRADE=DOWN
2025-12-27 08:37:55.642 [INFO] [SYSTEM] TradeLogger stopping
2025-12-27 08:38:06.730 [INFO] [SYSTEM] TradeLogger started
2025-12-27 08:38:06.731 [INFO] [ENGINE] Alpha Engine v1.2.0 starting
2025-12-27 08:38:06.739 [INFO] [ENGINE] Connecting to cTrader FIX
2025-12-27 08:38:06.920 [INFO] [FIX] State: QUOTE=DOWN TRADE=UP
2025-12-27 08:38:06.037 [INFO] [FIX] State: QUOTE=UP TRADE=UP
2025-12-27 08:38:06.184 [INFO] [FIX] [XAUUSD] Subscribed to XAUUSD
2025-12-27 08:38:06.184 [INFO] [FIX] [NAS100] Subscribed to NAS100
2025-12-27 08:38:06.187 [INFO] [ENGINE] Engine started successfully
2025-12-27 08:38:06.188 [INFO] [ENGINE] Main loop started
2025-12-27 08:41:39.968 [INFO] [ENGINE] Engine stopping
2025-12-27 08:41:39.975 [INFO] [FIX] State: QUOTE=DOWN TRADE=UP
2025-12-27 08:41:39.990 [INFO] [ENGINE] Main loop exited
2025-12-27 08:41:40.073 [INFO] [FIX] State: QUOTE=DOWN TRADE=DOWN
2025-12-27 08:41:46.762 [INFO] [SYSTEM] TradeLogger stopping
2025-12-27 08:44:07.838 [INFO] [SYSTEM] TradeLogger started
2025-12-27 08:44:07.839 [INFO] [ENGINE] Alpha Engine v1.2.0 starting
2025-12-27 08:44:07.851 [INFO] [ENGINE] Connecting to cTrader FIX
2025-12-27 08:44:07.042 [INFO] [FIX] State: QUOTE=DOWN TRADE=UP
2025-12-27 08:44:07.159 [INFO] [FIX] State: QUOTE=UP TRADE=UP
2025-12-27 08:44:07.306 [INFO] [FIX] [XAUUSD] Subscribed to XAUUSD
2025-12-27 08:44:07.306 [INFO] [FIX] [NAS100] Subscribed to NAS100
2025-12-27 08:44:07.307 [INFO] [ENGINE] Engine started successfully
2025-12-27 08:44:07.307 [INFO] [ENGINE] Main loop started
2025-12-27 20:22:09.472 [INFO] [ENGINE] Engine stopping
2025-12-27 20:22:09.482 [INFO] [FIX] State: QUOTE=DOWN TRADE=UP
2025-12-27 20:22:09.507 [INFO] [ENGINE] Main loop exited
2025-12-27 20:22:09.049 [INFO] [FIX] State: QUOTE=DOWN TRADE=DOWN
2025-12-27 20:22:10.664 [INFO] [SYSTEM] TradeLogger stopping
2025-12-27 20:22:51.855 [INFO] [SYSTEM] TradeLogger started
2025-12-27 20:22:51.856 [INFO] [ENGINE] Alpha Engine v1.2.0 starting
2025-12-27 20:22:51.863 [INFO] [ENGINE] Connecting to cTrader FIX
2025-12-27 20:22:51.086 [INFO] [FIX] State: QUOTE=DOWN TRADE=UP
2025-12-27 20:22:51.217 [INFO] [FIX] State: QUOTE=UP TRADE=UP
2025-12-27 20:22:52.362 [INFO] [FIX] [XAUUSD] Subscribed to XAUUSD
2025-12-27 20:22:52.363 [INFO] [FIX] [NAS100] Subscribed to NAS100
2025-12-27 20:22:52.363 [INFO] [ENGINE] Engine started successfully
2025-12-27 20:22:52.363 [INFO] [ENGINE] Main loop started
