â•â•â•â•â•â•â•â•â•â•â•â•â•â•â•â•â•â•â•â•â•â•â•â•â•â•â•â•â•â•â•â•â•â•â•â•â•â•â•â•â•â•â•â•â•â•â•â•â•â•â•â•â•â•â•â•â•â•â•â•â•â•â•
  CHIMERA AUTO-LOG STARTED: logs/chimera_20260101_052438.log
  Timestamp: 2026-01-01 05:24:38
â•â•â•â•â•â•â•â•â•â•â•â•â•â•â•â•â•â•â•â•â•â•â•â•â•â•â•â•â•â•â•â•â•â•â•â•â•â•â•â•â•â•â•â•â•â•â•â•â•â•â•â•â•â•â•â•â•â•â•â•â•â•â•


â•”â•â•â•â•â•â•â•â•â•â•â•â•â•â•â•â•â•â•â•â•â•â•â•â•â•â•â•â•â•â•â•â•â•â•â•â•â•â•â•â•â•â•â•â•â•â•â•â•â•â•â•â•â•â•â•â•â•â•â•â•â•â•â•—
â•‘  âš ï¸  LIVE TRADING MODE - REAL MONEY AT RISK                  â•‘
â•‘  Orders WILL be sent to exchange!                            â•‘
â•‘                                                                â•‘
â•‘  Environment: PRODUCTION                                    â•‘
â•‘  Trade Mode:  LIVE                                          â•‘
â•šâ•â•â•â•â•â•â•â•â•â•â•â•â•â•â•â•â•â•â•â•â•â•â•â•â•â•â•â•â•â•â•â•â•â•â•â•â•â•â•â•â•â•â•â•â•â•â•â•â•â•â•â•â•â•â•â•â•â•â•â•â•â•â•

â•â•â•â•â•â•â•â•â•â•â•â•â•â•â•â•â•â•â•â•â•â•â•â•â•â•â•â•â•â•â•â•â•â•â•â•â•â•â•â•â•â•â•â•â•â•â•â•â•â•â•â•â•â•â•â•â•â•â•â•â•â•â•
  CHIMERA v4.5.1 - TRIPLE ENGINE + NAS100 OWNERSHIP + CRYPTO RULESET
â•â•â•â•â•â•â•â•â•â•â•â•â•â•â•â•â•â•â•â•â•â•â•â•â•â•â•â•â•â•â•â•â•â•â•â•â•â•â•â•â•â•â•â•â•â•â•â•â•â•â•â•â•â•â•â•â•â•â•â•â•â•â•
  ENGINE 1: Binance (Crypto Alpha)   - OPPORTUNISTIC MODE
            + Official CryptoRuleset (G1-G5 gates, Class A/B only)
            + Symbols: BTCUSDT, ETHUSDT ONLY
  ENGINE 2: cTrader (CFD Alpha)      - LIVE MODE
            + NAS100: TIME-BASED ownership (soldier outside income)
  ENGINE 3: Income (ML-Filtered)     - LIVE MODE
            + NAS100: EXCLUSIVE 03:00-05:00 NY (sniper)
  NEW: Time-based NAS100 ownership with forced flat
â•â•â•â•â•â•â•â•â•â•â•â•â•â•â•â•â•â•â•â•â•â•â•â•â•â•â•â•â•â•â•â•â•â•â•â•â•â•â•â•â•â•â•â•â•â•â•â•â•â•â•â•â•â•â•â•â•â•â•â•â•â•â•
  Dashboard: http://YOUR_VPS_IP:8080/
  WebSocket: ws://YOUR_VPS_IP:7777
â•â•â•â•â•â•â•â•â•â•â•â•â•â•â•â•â•â•â•â•â•â•â•â•â•â•â•â•â•â•â•â•â•â•â•â•â•â•â•â•â•â•â•â•â•â•â•â•â•â•â•â•â•â•â•â•â•â•â•â•â•â•â•

[CHIMERA] Singleton lock acquired (PID 29838)
[CHIMERA] Loading config.ini...
[CHIMERA] Equity config loaded:
  - Crypto: $15000
  - CFD:    $50000
  - Income: $100000
[CHIMERA] Loading trading config...
[CHIMERA] Configuring engine ownership...
[CHIMERA] Initializing Global Risk Governor...
[CHIMERA] Starting GUI WebSocket server...
[CHIMERA] GUI server started on port 7777
[CHIMERA] Starting ML Feature Logger...
[CHIMERA] ML Feature Logger started - logging to ml_features.bin
[CHIMERA] Starting ML Attribution Logger...
[CHIMERA] ML Attribution Logger started - logging to ml_attribution.bin
[CHIMERA] Initializing ML Drift Guard...
[CHIMERA] ML Drift Guard initialized
[CHIMERA] ML Gate initialized (VETO + SIZE SCALER mode)
[CHIMERA] Initializing Scalp Profile System...
[CHIMERA] Scalp Profile System initialized:
  SCALP-NY:  NAS100 edge=0.55 pers=0.40 | XAUUSD edge=0.60 pers=0.45
  SCALP-LDN: NAS100 edge=0.65 pers=0.50 | XAUUSD edge=0.70 pers=0.55
  Daily Limits: loss=-0.50R trades=25 consec=5
  Risk: NY=0.30Ã—CORE LDN=0.20Ã—CORE
[CHIMERA] Gold Pyramid Guard initialized (max levels=2)
[CHIMERA] ML Venue Router initialized (tail_thresh=-1.5)
[CHIMERA] ML Metrics Publisher initialized (max_symbols=0/32)
[CHIMERA] Creating Binance Engine (Alpha)...
[BTCUSDT] edge_confirm_ns = 12ms
[ETHUSDT] edge_confirm_ns = 12ms
[SOLUSDT] edge_confirm_ns = 15ms
[AVAXUSDT] edge_confirm_ns = 15ms
[LINKUSDT] edge_confirm_ns = 18ms
[OPUSDT] edge_confirm_ns = 18ms
[ARBUSDT] edge_confirm_ns = 18ms
[CHIMERA] Crypto Ruleset initialized and GRADUATED to LIVE mode
[CRYPTO-ENGINE] Initialized in OPPORTUNISTIC mode
[CRYPTO-ENGINE] Symbols: BTCUSDT, ETHUSDT ONLY
[CRYPTO-ENGINE] Max trades/day: 2
[CRYPTO-ENGINE] Risk per trade: 0.05%
[CRYPTO-ENGINE] Kill on first loss: YES
[CRYPTO-EXEC] Mode: LIVE
[CHIMERA] CryptoEngineV2 initialized in OPPORTUNISTIC mode - LIVE TRADING ENABLED
[CHIMERA] Binance Engine created
[CHIMERA] Creating CFD Engine (Alpha)...
[FIX-DBG] CONSTRUCTOR instance=0 this=0x7ffdf91ea998
[FIX-DBG]   rxThread_.joinable()=0 txThread_.joinable()=0
[FIX-DBG] initSSL() instance=0
[FIX-DBG]   Global SSL init...
[FIX-DBG]   OpenSSL 1.1+ init done
[FIX-DBG]   SSL_CTX_new...
[FIX-DBG] initSSL() DONE sslCtx_=0x5bfa5e7aa6c0
[FIX-DBG] CONSTRUCTOR DONE instance=0 sslCtx_=0x5bfa5e7aa6c0
[FIX-DBG] CONSTRUCTOR instance=1 this=0x7ffdf942ae18
[FIX-DBG]   rxThread_.joinable()=0 txThread_.joinable()=0
[FIX-DBG] initSSL() instance=1
[FIX-DBG]   SSL_CTX_new...
[FIX-DBG] initSSL() DONE sslCtx_=0x5bfa5e7e9300
[FIX-DBG] CONSTRUCTOR DONE instance=1 sslCtx_=0x5bfa5e7e9300
[CFD-SHADOW] v4.6.0 Tier assignments (speed-optimised indices):
  TIER 2 (ACTIVE): XAUUSD, US100, US30, SPX500, EURUSD, GBPUSD
  TIER 3 (SENSOR): XAGUSD, USDJPY, AUDUSD, GER40, NAS100
  TIER 4 (DISABLED): USDCAD, USDCHF, NZDUSD, EURGBP

[CFD-ENGINE] v4.7.0 INTENT-BASED EXECUTION POLICY:
  â•â•â•â•â•â•â•â•â•â•â•â•â•â•â•â•â•â•â•â•â•â•â•â•â•â•â•â•â•â•â•â•â•â•â•â•â•â•â•â•â•â•â•â•â•â•â•â•â•â•â•â•â•â•â•â•â•â•â•â•
  ðŸ”’ THE PRIME DIRECTIVE: No execution unless INTENT == LIVE
  â•â•â•â•â•â•â•â•â•â•â•â•â•â•â•â•â•â•â•â•â•â•â•â•â•â•â•â•â•â•â•â•â•â•â•â•â•â•â•â•â•â•â•â•â•â•â•â•â•â•â•â•â•â•â•â•â•â•â•â•
  PRE-FIX ALLOWED: BTCUSDT (crypto), XAUUSD (NY expansion only)
  PRE-FIX DISABLED: NAS100, US30, SPX500, all indices
  PROBES: Disabled for all CFD symbols
  SHADOW: Allowed for policy-compliant symbols only
  â•â•â•â•â•â•â•â•â•â•â•â•â•â•â•â•â•â•â•â•â•â•â•â•â•â•â•â•â•â•â•â•â•â•â•â•â•â•â•â•â•â•â•â•â•â•â•â•â•â•â•â•â•â•â•â•â•â•â•â•

[CHIMERA] CFD Engine created
[CHIMERA] Creating Income Engine (ML-Filtered)...
[CHIMERA] Income Engine created
[CHIMERA] CryptoEngineV2 cross-engine callbacks configured

[CHIMERA] Starting all engines...
[BinanceEngine] start() entered
[BinanceEngine] Stream path: /stream?streams=btcusdt@bookTicker/btcusdt@depth20@100ms/btcusdt@trade/ethusdt@bookTicker/ethusdt@depth20@100ms/ethusdt@trade/solusdt@bookTicker/solusdt@depth20@100ms/solusdt@trade/avaxusdt@bookTicker/avaxusdt@depth20@100ms/avaxusdt@trade/linkusdt@bookTicker/linkusdt@depth20@100ms/linkusdt@trade/opusdt@bookTicker/opusdt@depth20@100ms/opusdt@trade/arbusdt@bookTicker/arbusdt@depth20@100ms/arbusdt@trade
[BinanceEngine] Host: stream.binance.com Port: 9443
[BinanceEngine] Connecting to WebSocket...
[BinanceEngine] WebSocket connected
[BinanceEngine] Starting order sender...
[BinanceEngine] Order sender started - TRADING ENABLED
[BinanceEngine] Fetching initial snapshots...
[BTCUSDT] Snapshot applied, state=RUNNING
[ETHUSDT] Snapshot applied, state=RUNNING
[SOLUSDT] Snapshot applied, state=RUNNING
[AVAXUSDT] Snapshot applied, state=RUNNING
[LINKUSDT] Snapshot applied, state=RUNNING
[OPUSDT] Snapshot applied, state=RUNNING
[ARBUSDT] Snapshot applied, state=RUNNING
[BinanceEngine] Initial snapshots OK
[BinanceEngine] Starting 7 symbol threads
[RUN-BTCUSDT] Thread started
[RUN-ETHUSDT] Thread started
[RUN-SOLUSDT] Thread started
[RUN-AVAXUSDT] Thread started
[RUN-LINKUSDT] Thread started
[RUN-OPUSDT] Thread started
[RUN-ARBUSDT] Thread started
[BINANCE] Dispatcher started
[WS-RAW] len=146 data={"stream":"btcusdt@bookTicker","data":{"u":84249381072,"s":"BTCUSDT","b":"87705.45000000","B":"0.55143000","a":"87705.46000000","A":"5.55224000"}}[BinanceEngine] RUNNING
[CHIMERA] Binance Engine started
[CfdEngine] Started on CPU 2 with MarketState gating
[CHIMERA] CFD Engine started
[INCOME] Starting - NAS100 ONLY, XAUUSD DISABLED, ML threshold=0.60
[INCOME] STAND-DOWN: 2 consecutive fails in 20min â†’ 45min lockout
[CHIMERA] Income Engine started (LIVE MODE)

â•â•â•â•â•â•â•â•â•â•â•â•â•â•â•â•â•â•â•â•â•â•â•â•â•â•â•â•â•â•â•â•â•â•â•â•â•â•â•â•â•â•â•â•â•â•â•â•â•â•â•â•â•â•â•â•â•â•â•â•â•â•â•
  CHIMERA v4.4 TRIPLE ENGINE RUNNING
  Binance: ACTIVE (LIVE)
  cTrader: ACTIVE
  Income:  ACTIVE (LIVE)
  GUI: ws://localhost:7777
  Press Ctrl+C to exit
â•â•â•â•â•â•â•â•â•â•â•â•â•â•â•â•â•â•â•â•â•â•â•â•â•â•â•â•â•â•â•â•â•â•â•â•â•â•â•â•â•â•â•â•â•â•â•â•â•â•â•â•â•â•â•â•â•â•â•â•â•â•â•


[TICKER-DBG-BTCUSDT] bid=87705.4 ask=87705.5 bid_qty=0.55143 ask_qty=5.55224
[WS-RAW] len=146 data={"stream":"ethusdt@bookTicker","data":{"u":68029014362,"s":"ETHUSDT","b":"2980.42000000","B":"19.75790000","a":"2980.43000000","A":"21.72970000"}}
[TICKER-DBG-ETHUSDT] bid=2980.42 ask=2980.43 bid_qty=19.7579 ask_qty=21.7297
[WS-RAW] len=146 data={"stream":"ethusdt@bookTicker","data":{"u":68029014364,"s":"ETHUSDT","b":"2980.42000000","B":"19.75790000","a":"2980.43000000","A":"21.92200000"}}
[TICKER-DBG-ETHUSDT] bid=2980.42 ask=2980.43 bid_qty=19.7579 ask_qty=21.922
[DEPTH-DBG-BTCUSDT] bids=20 asks=20 bid[0]=87705.4@0.55143 ask[0]=87705.5@5.55224
[DEPTH-DBG-ETHUSDT] bids=20 asks=20 bid[0]=2980.42@19.7579 ask[0]=2980.43@21.922
[TICKER-DBG-AVAXUSDT] bid=12.28 ask=12.29 bid_qty=3586.24 ask_qty=3018.28
[DEPTH-DBG-AVAXUSDT] bids=20 asks=20 bid[0]=12.28@3586.24 ask[0]=12.29@3018.28
[TICKER-DBG-AVAXUSDT] bid=12.28 ask=12.29 bid_qty=3586.24 ask_qty=3034.56
[DEPTH-DBG-BTCUSDT] bids=20 asks=20 bid[0]=87705.4@0.55207 ask[0]=87705.5@5.57362
[BOOTSTRAP-AVAXUSDT] State=WAIT_DATA | DATA: book=0ms/30000 ticks=1/100 spread=1/200 | EDGE: intents=0/40 churn=0.0% persist=50.0% edge=0.00bps | SAFETY: kill=Y spread=Y
[REGIME-BTCUSDT] TRANSITION â†’ STABLE spread=0.00bps std=0.65 flip=0.10 (hysteresis: 116773771ms)
[BOOTSTRAP-BTCUSDT] State=WAIT_DATA | DATA: book=0ms/30000 ticks=1/100 spread=1/200 | EDGE: intents=0/40 churn=0.0% persist=50.0% edge=0.00bps | SAFETY: kill=Y spread=Y
[CfdEngine] Loop started
[CfdEngine] Connecting to FIX: demo-uk-eqx-01.p.c-trader.com
[CfdEngine] Reconnect attempt #1
[CTraderFIX] Disconnecting...
[REGIME-ETHUSDT] TRANSITION â†’ STABLE spread=0.03bps std=0.65 flip=0.10 (hysteresis: 116773771ms)
[BOOTSTRAP-ETHUSDT] State=WAIT_DATA | DATA: book=0ms/30000 ticks=1/100 spread=1/200 | EDGE: intents=0/40 churn=0.0% persist=50.0% edge=0.00bps | SAFETY: kill=Y spread=Y
[CTraderFIX] Fully disconnected
[DEPTH-DBG-ETHUSDT] bids=20 asks=20 bid[0]=2980.42@19.76 ask[0]=2980.43@21.92
[BOOTSTRAP-OPUSDT] State=WAIT_DATA | DATA: book=0ms/30000 ticks=1/100 spread=1/200 | EDGE: intents=0/40 churn=0.0% persist=50.0% edge=0.00bps | SAFETY: kill=Y spread=Y
[BOOTSTRAP-ARBUSDT] State=WAIT_DATA | DATA: book=0ms/30000 ticks=1/100 spread=1/200 | EDGE: intents=0/40 churn=0.0% persist=50.0% edge=0.00bps | SAFETY: kill=Y spread=Y
[BOOTSTRAP-ARBUSDT] State=WAIT_DATA | DATA: book=0ms/30000 ticks=1/100 spread=1/200 | EDGE: intents=0/40 churn=0.0% persist=50.0% edge=0.00bps | SAFETY: kill=Y spread=Y
[BOOTSTRAP-LINKUSDT] State=WAIT_DATA | DATA: book=0ms/30000 ticks=1/100 spread=1/200 | EDGE: intents=0/40 churn=0.0% persist=50.0% edge=0.00bps | SAFETY: kill=Y spread=Y
[REGIME-SOLUSDT] TRANSITION â†’ STABLE spread=0.80bps std=0.57 flip=0.10 (hysteresis: 116773798ms)
[BOOTSTRAP-SOLUSDT] State=WAIT_DATA | DATA: book=0ms/30000 ticks=1/100 spread=1/200 | EDGE: intents=0/40 churn=0.0% persist=50.0% edge=0.00bps | SAFETY: kill=Y spread=Y
[CTraderFIX] Disconnecting...
[CTraderFIX] Fully disconnected
[CTraderFIX] ============================================
[CTraderFIX] CONNECTING TO CTRADER FIX
[CTraderFIX] Host: demo-uk-eqx-01.p.c-trader.com
[CTraderFIX] TRADE port: 5212 (connects FIRST)
[CTraderFIX] QUOTE port: 5211 (connects AFTER trade)
[CTraderFIX] SenderCompID: demo.blackbull.2082409
[CTraderFIX] ============================================
[CTraderFIX] STEP 1: Starting TRADE session on port 5212...
[FIX-DBG] >>> connect() START instance=1 host=demo-uk-eqx-01.p.c-trader.com port=5212
[FIX-DBG]   rxThread_.joinable()=0 txThread_.joinable()=0 BEFORE lock
[FIX-DBG]   connMtx_ LOCKED
[FIX-DBG]   Creating socket...
[FIX-DBG]   Socket created: fd=15
[FIX-DBG]   Resolving hostname...
[FIX-DBG]   DNS OK
[FIX-DBG]   TCP connect (non-blocking)...
[FIX-DBG]   Waiting for connect (10s timeout)...
[FIX-DBG]   TCP connected OK
[FIX-DBG]   SSL handshake...
[FIX-DBG] sslHandshake() instance=1
[FIX-DBG]   SSL_new(ctx=0x5bfa5e7e9300)...
[FIX-DBG]   ssl_=0x7f42e4001210
[FIX-DBG]   SSL_connect...
[FIX-DBG]   SSL connected: cipher=ECDHE-RSA-AES256-GCM-SHA384
[FIX-DBG]   SSL handshake OK
[FIX-DBG]   Setting running_=true connected_=true
[FIX-DBG]   THREAD CHECK: rxThread_.joinable()=0 txThread_.joinable()=0
[FIX-DBG]   >>> Creating RX thread...
[FIX-DBG]   RX thread CREATED handle=139925387204288
[FIX-DBG]   >>> Creating TX thread...
[FIX-DBG]   TX thread CREATED handle=139925378811584
[FIX-DBG]   Both threads created successfully
[FIX-DBG]   Calling stateCallback_(true)...
[FIX-DBG]   stateCallback_ returned OK
[FIX-DBG] >>> connect() COMPLETE instance=1 SUCCESS
[FIX-DBG] >>> txLoop() START instance=1
[FIX-DBG] >>> rxLoop() START instance=1
[FIX-DBG]   Allocating buffer...
[FIX-DBG]   Buffer allocated OK
[FIX-DBG]   RX READY - signaling waiters
[FIX-DBG]   Entering read loop...
[FIX-DBG] waitForRxReady() START timeout=5000ms
[FIX-DBG] waitForRxReady() RX THREAD IS READY - safe to send LOGON
[TRADE] Sending LOGON (seq=1)
[TRADE] TX: 8=FIX.4.4|9=130|35=A|49=demo.blackbull.2082409|56=cServer|34=1|52=20260101-05:24:42|57=TRADE|50=TRADE|98=0|108=30|141=Y|553=2082409|554=Bowen6feb|10=033|
[FIX-DBG]   TX dequeued 153 bytes
[FIX-DBG]   SSL_write attempt: offset=0 remaining=153
[CTraderFIX] Waiting for TRADE logon...
[FIX-DBG]   SSL_write returned: 153
[FIX-DBG]   SSL_write sent 153 bytes, total=153
[FIX-DBG]   TX COMPLETE: sent=153 bytes OK
[TRADE] RX: 8=FIX.4.4|9=108|35=A|34=1|49=cServer|50=TRADE|52=20260101-05:24:42.495|56=demo.blackbull.2082409|57=TRADE|98=0|108=30|141=Y|10=120|
[TRADE] LOGON received
[CTraderFIX] *** TRADE session logged on ***
[CTraderFIX] TRADE logon OK - proceeding to QUOTE
[CTraderFIX] STEP 2: Starting QUOTE session on port 5211...
[CTraderFIX] (QUOTE waiting for TRADE - contract satisfied)
[FIX-DBG] >>> connect() START instance=0 host=demo-uk-eqx-01.p.c-trader.com port=5211
[FIX-DBG]   rxThread_.joinable()=0 txThread_.joinable()=0 BEFORE lock
[FIX-DBG]   connMtx_ LOCKED
[FIX-DBG]   Creating socket...
[FIX-DBG]   Socket created: fd=16
[FIX-DBG]   Resolving hostname...
[FIX-DBG]   DNS OK
[FIX-DBG]   TCP connect (non-blocking)...
[FIX-DBG]   Waiting for connect (10s timeout)...
[FIX-DBG]   TCP connected OK
[FIX-DBG]   SSL handshake...
[FIX-DBG] sslHandshake() instance=0
[FIX-DBG]   SSL_new(ctx=0x5bfa5e7aa6c0)...
[FIX-DBG]   ssl_=0x7f42e4010ca0
[FIX-DBG]   SSL_connect...
[FIX-DBG]   SSL connected: cipher=ECDHE-RSA-AES256-GCM-SHA384
[FIX-DBG]   SSL handshake OK
[FIX-DBG]   Setting running_=true connected_=true
[FIX-DBG]   THREAD CHECK: rxThread_.joinable()=0 txThread_.joinable()=0
[FIX-DBG]   >>> Creating RX thread...
[FIX-DBG] >>> rxLoop() START instance=0
[FIX-DBG]   Allocating buffer...
[FIX-DBG]   Buffer allocated OK[FIX-DBG]   RX thread CREATED handle=139925362026176
[FIX-DBG]   >>> Creating TX thread...
[FIX-DBG]   TX thread CREATED handle=139925353633472
[FIX-DBG]   Both threads created successfully
[FIX-DBG]   Calling stateCallback_(true)...
[FIX-DBG]   stateCallback_ returned OK
[FIX-DBG] >>> connect() COMPLETE instance=0 SUCCESS
[FIX-DBG] >>> txLoop() START instance=0
[FIX-DBG] waitForRxReady() START timeout=5000ms

[FIX-DBG]   RX READY - signaling waiters
[FIX-DBG]   Entering read loop...
[FIX-DBG] waitForRxReady() RX THREAD IS READY - safe to send LOGON
[QUOTE] Sending LOGON (seq=1)
[QUOTE] TX: 8=FIX.4.4|9=130|35=A|49=demo.blackbull.2082409|56=cServer|34=1|52=20260101-05:24:42|57=QUOTE|50=QUOTE|98=0|108=30|141=Y|553=2082409|554=Bowen6feb|10=093|
[FIX-DBG]   TX dequeued 153 bytes
[FIX-DBG]   SSL_write attempt: offset=0 remaining=153
[FIX-DBG]   SSL_write returned: 153
[FIX-DBG]   SSL_write sent 153 bytes, total=153
[FIX-DBG]   TX COMPLETE: sent=153 bytes OK
[CTraderFIX] Waiting for QUOTE logon...
[QUOTE] RX: 8=FIX.4.4|9=108|35=A|34=1|49=cServer|50=QUOTE|52=20260101-05:24:42.846|56=demo.blackbull.2082409|57=QUOTE|98=0|108=30|141=Y|10=180|
[QUOTE] LOGON received
[CTraderFIX] *** QUOTE session logged on ***
[CTraderFIX] ============================================
[CTraderFIX] BOTH SESSIONS CONNECTED!
[CTraderFIX] TRADE: ACTIVE (port 5212)
[CTraderFIX] QUOTE: ACTIVE (port 5211)
[CTraderFIX] State: RUNNING
[CTraderFIX] ============================================
[CfdEngine] FIX connected
[CTraderFIX] Requesting security list...
[QUOTE] Sending SecurityListRequest (ID=SECLIST_1767245082920)
[FIX-DBG]   TX dequeued 132 bytes
[FIX-DBG]   SSL_write attempt: offset=0 remaining=132
[FIX-DBG]   SSL_write returned: 132
[FIX-DBG]   SSL_write sent 132 bytes, total=132
[FIX-DBG]   TX COMPLETE: sent=132 bytes OK
[QUOTE] RX: 8=FIX.4.4|9=45547|35=y|34=2|49=cServer|50=QUOTE|52=20260101-05:24:42.933|56=demo.blackbull.2082409|57=QUOTE|320=SECLIST_1767245082920|322=responce:SECLIST_1767245082920|560=0|146=1824|55=4096|1007=SY|1008=3|55=1|1007=EURUSD|1008=5|55=4097|1007=SYF|1008=3|55=2|1007=GBPUSD|1008=5|55=4098|1007=SYK|1008=3|55=3|1007=EURJPY|1008=3|55=4099|1007=SYNA|1008=2|55=4|1007=USDJPY|1008=3|55=5|1007=AUDUSD|1008=5|55=4101|1007=SYY|1008=3|55=6|1007=USDCHF|1008=5|55=4102|1007=T|1008=2|55=7|1007=GBPJPY|1008=3|55=4103|1007=TAK|1008=3|55=8|1007=USDCAD|1008=5|55=4104|1007=TAL|1008=3|55=9|1007=EURGBP|1008=5|55=4105|1007=TALO|1008=3|55=10|1007=EURCHF|1008=5|55=4106|1007=TAP|1008=3|55=11|1007=AUDJPY|1008=3|55=4107|1007=TCOM|1008=3|55=12|1007=NZDUSD|1008=5|55=4108|1007=TDC|1008=3|55=13|1007=CHFJPY|1008=3|55=4109|1007=TDG|1008=3|55=14|1007=EURAUD|1008=5|55=4110|1007=TDOC|1008=3|55=15|1007=CADJPY|1008=3|55=4111|1007=TDUP|1008=3|55=16|1007=GBPAUD|1008=5|55=4112|1007=TDW|1008=3|55=17|1007=EURCAD|1008=5|55=4113|1007=TDY|1008=3|55=18|1007=AUDCAD|1008=5|55=4114|1007=TEAM|1008=3|55=19|1007=GBPCAD|1008=5|55=4115|1007=TECH|1008=2|55=20|1007=AUDNZD|1008=5|55=4116|1007=TECK|1008=3|55=21|1007=NZDJPY|1008=3|55=4117|1007=TEL|1008=3|55=22|1007=USDNOK|1008=5|55=4118|1007=TER|1008=3|55=23|1007=AUDCHF|1008=5|55=4119|1007=TFC|1008=3|55=24|1007=USDMXN|1008=5|55=4120|1007=TFSL|1008=3|55=25|1007=GBPNZD|1008=5|55=4121|1007=TFX|1008=3|55=26|1007=EURNZD|1008=5|55=4122|1007=TGNA|1008=3|55=27|1007=CADCHF|1008=5|55=4123|1007=TGT|1008=2|55=28|1007=USDSGD|1008=5|55=4124|1007=THC|1008=3|55=29|1007=USDSEK|1008=5|55=4125|1007=THG|1008=3|55=30|1007=NZDCAD|1008=5|55=4126|1007=THO|1008=3|55=31|1007=EURSEK|1008=5|55=4127|1007=THR|1008=3|55=32|1007=GBPSGD|1008=5|55=4128|1007=THRY|1008=3|55=33|1007=EURNOK|1008=5|55=4129|1007=THS|1008=3|55=34|1007=EURHUF|1008=2|55=4130|1007=TIGO|1008=3|55=35|1007=USDPLN|1008=5|55=4131|1007=TJX|1008=3|55=36|1007=USDDKK|1008=5|55=4132|1007=TKR|1008=3|55=37|1007=GBPNOK|1008=5|55=4133|1007=TLRY|1008=3|55=4134|1007=TLT|1008=2|55=39|1007=NZDCHF|1008=5|55=4135|1007=TLYS|1008=3|55=40|1007=GBPCHF|1008=5|55=4136|1007=TM|1008=2|55=41|1007=XAUUSD|1008=2|55=4137|1007=TME|1008=2|55=42|1007=XAGUSD|1008=3|55=4138|1007=TMHC|1008=3|55=43|1007=USDTRY|1008=5|55=4139|1007=TMO|1008=2|55=45|1007=EURHKD|1008=5|55=4141|1007=TNDM|1008=3|55=4142|1007=TNXP|1008=2|55=47|1007=SGDJPY|1008=3|55=4143|1007=TOL|1008=3|55=48|1007=USDHKD|1008=5|55=49|1007=USDZAR|1008=5|55=4145|1007=TPC|1008=3|55=50|1007=EURMXN|1008=5|55=4146|1007=TPH|1008=3|55=51|1007=EURPLN|1008=5|55=52|1007=GBPZAR|1008=5|55=4148|1007=TPR|1008=3|55=53|1007=NZDSGD|1008=5|55=54|1007=USDHUF|1008=3|55=4150|1007=TREE|1008=3|55=4151|1007=TREX|1008=3|55=56|1007=USDCZK|1008=5|55=4152|1007=TRGP|1008=3|55=4153|1007=TRIP|1008=2|55=4154|1007=TRMB|1008=2|55=4155|1007=TRNO|1008=3|55=60|1007=USDCNH|1008=5|55=4156|1007=TROW|1008=3|55=61|1007=GBPSEK|1008=5|55=4157|1007=TROX|1008=3|55=4158|1007=TRU|1008=3|55=63|1007=AUDSEK|1008=5|55=4159|1007=TRV|1008=3|55=64|1007=AUDSGD|1008=5|55=4160|1007=TRVG|1008=3|55=4162|1007=TSBK|1008=3|55=4163|1007=TSCO|1008=2|55=4164|1007=TSEM|1008=3|55=4165|1007=TSLA|1008=2|55=4166|1007=TSM|1008=2|55=4167|1007=TSN|1008=2|55=72|1007=CHFNOK|1008=5|55=4168|1007=TT|1008=3|55=73|1007=CHFPLN|1008=5|55=4169|1007=TTC|1008=3|55=75|1007=CHFSGD|1008=5|55=4171|1007=TTD|1008=3|55=4172|1007=TTI|1008=5|55=4174|1007=TTWO|1008=3|55=4176|1007=TV|1008=3|55=4177|1007=TWI|1008=3|55=82|1007=EURSGD|1008=5|55=83|1007=GBPDKK|1008=5|55=4179|1007=TWLO|1008=2|55=4180|1007=TWO|1008=3|55=85|1007=HKDJPY|1008=3|55=4181|1007=TX|1008=3|55=86|1007=NOKJPY|1008=3|55=4182|1007=TXG|1008=3|55=87|1007=NOKSEK|1008=5|55=4183|1007=TXMD|1008=3|55=4184|1007=TXRH|1008=2|55=4185|1007=TXT|1008=3|55=4186|1007=TYL|1008=3|55=91|1007=USDTHB|1008=3|55=4187|1007=U|1008=3|55=4188|1007=UA|1008=3|55=93|1007=XAUEUR|1008=2|55=4189|1007=UAA|1008=3|55=4190|1007=UAVS|1008=3|55=95|1007=XPDUSD|1008=3|55=4191|1007=UBER|1008=2|55=4192|1007=UDR|1008=3|55=97|1007=XPTUSD|1008=3|55=4193|1007=UE|1008=3|55=98|1007=ZARJPY|1008=3|55=4194|1007=UEC|1008=3|55=4195|1007=UEIC|1008=3|55=4196|1007=UGI|1008=3|55=101|1007=BTCUSD|1008=2|55=4197|1007=UHS|1008=3|55=102|1007=ETHUSD|1008=3|55=4198|1007=UHT|1008=3|55=4199|1007=UI|1008=3|55=4200|1007=UL|1008=3|55=4201|1007=ULTA|1008=3|55=4202|1007=UMC|1008=3|55=4203|1007=UNFI|1008=2|55=4204|1007=UNG|1008=2|55=110|1007=AUDNOK|1008=4|55=4206|1007=UNIT|1008=3|55=111|1007=CHFDKK|1008=4|55=4207|1007=UNM|1008=3|55=112|1007=MXNJPY|1008=3|55=4208|1007=UNP|1008=2|55=113|1007=SEKJPY|1008=3|55=4209|1007=UPS|1008=2|55=4210|1007=UPST|1008=2|55=4211|1007=UPWK|1008=3|55=4212|1007=URA|1008=2|55=4213|1007=URBN|1008=3|55=4214|1007=URGN|1008=3|55=4215|1007=URI|1008=3|55=4216|1007=USA|1008=3|55=4217|1007=USAC|1008=3|55=4218|1007=USB|1008=3|55=4219|1007=USFD|1008=3|55=4220|1007=USIO|1008=3|55=4221|1007=USNA|1008=3|55=4224|1007=UTHR|1008=2|55=4225|1007=UVV|1008=3|55=4226|1007=V|1008=2|55=4228|1007=VALE|1008=2|55=4230|1007=VC|1008=3|55=4231|1007=VCYT|1008=3|55=4232|1007=VECO|1008=3|55=4233|1007=VEEV|1008=3|55=4234|1007=VEON|1008=3|55=4235|1007=VET|1008=3|55=4236|1007=VFC|1008=3|55=4237|1007=VHC|1008=3|55=4238|1007=VIAV|1008=3|55=4239|1007=VINP|1008=3|55=4240|1007=VIOT|1008=3|55=4241|1007=VIPS|1008=2|55=4242|1007=VIR|1008=3|55=4244|1007=VKTX|1008=3|55=4245|1007=VLO|1008=3|55=4246|1007=VLRS|1008=3|55=4247|1007=VMC|1008=3|55=4249|1007=VNO|1008=3|55=4250|1007=VNOM|1008=3|55=4251|1007=VNT|1008=3|55=4252|1007=VONG|1008=3|55=4253|1007=VOWG_p|1008=2|55=4254|1007=VRA|1008=2|55=4256|1007=VREX|1008=3|55=4258|1007=VRSK|1008=2|55=4259|1007=VRSN|1008=2|55=4260|1007=VRTX|1008=3|55=4261|1007=VSAT|1008=3|55=4262|1007=VSCO|1008=3|55=4263|1007=VST|1008=3|55=4264|1007=VSTM|1008=3|55=4266|1007=VTI|1008=3|55=4267|1007=VTIP|1008=3|55=4268|1007=VTR|1008=3|55=4269|1007=VTRS|1008=3|55=4270|1007=VUZI|1008=3|55=4274|1007=VYGR|1008=3|55=4275|1007=VYM|1008=2|55=4276|1007=VYNE|1008=3|55=4278|1007=W|1008=2|55=4279|1007=WAB|1008=3|55=4280|1007=WAT|1008=3|55=185|1007=NAS100|1008=2|55=4281|1007=WATT|1008=3|55=186|1007=AUS200|1008=2|55=4282|1007=WCC|1008=3|55=187|1007=ESTX50|1008=2|55=4283|1007=WDC|1008=3|55=188|1007=GER30|1008=2|55=4284|1007=WEC|1008=3|55=189|1007=FRA40|1008=2|55=4285|1007=WELL|1008=3|55=190|1007=UK100|1008=2|55=4286|1007=WEN|1008=3|55=191|1007=SPX500|1008=2|55=4287|1007=WERN|1008=3|55=192|1007=JPN225|1008=2|55=4288|1007=WEX|1008=3|55=193|1007=US30|1008=2|55=194|1007=ESP35|1008=1|55=4290|1007=WGO|1008=3|55=195|1007=SUI20|1008=2|55=4291|1007=WHR|1008=3|55=196|1007=WTI|1008=3|55=4292|1007=WIMI|1008=2|55=197|1007=BRENT|1008=3|55=4296|1007=WLK|1008=3|55=4297|1007=WM|1008=3|55=4298|1007=WMB|1008=3|55=4300|1007=WMG|1008=2|55=4301|1007=WMS|1008=3|55=4302|1007=WMT|1008=2|55=4303|1007=WPC|1008=3|55=4304|1007=WRB|1008=3|55=4306|1007=WSM|1008=3|55=4307|1007=WSO|1008=3|55=4308|1007=WST|1008=3|55=4309|1007=WTFC|1008=3|55=4310|1007=WTRG|1008=3|55=4311|1007=WU|1008=3|55=4314|1007=WY|1008=3|55=4315|1007=WYNN|1008=2|55=4317|1007=XBIT|1008=3|55=4318|1007=XCUR|1008=3|55=4319|1007=XEL|1008=3|55=4321|1007=XGN|1008=3|55=4322|1007=XLB|1008=3|55=4323|1007=XLE|1008=2|55=4327|1007=XLP|1008=2|55=4330|1007=XLY|1008=3|55=4331|1007=XNET|1008=3|55=4332|1007=XOM|1008=2|55=4333|1007=XOP|1008=2|55=4334|1007=XP|1008=3|55=4335|1007=XPEV|1008=3|55=4336|1007=XPO|1008=3|55=4337|1007=XPRO|1008=3|55=4338|1007=XRAY|1008=3|55=4339|1007=XRX|1008=3|55=4340|1007=XYL|1008=3|55=4341|1007=YELP|1008=2|55=4342|1007=YETI|1008=3|55=4343|1007=YEXT|1008=3|55=4344|1007=YUM|1008=2|55=4345|1007=YUMC|1008=3|55=4346|1007=Z|1008=2|55=4347|1007=ZBH|1008=3|55=4348|1007=ZBRA|1008=2|55=4349|1007=ZG|1008=2|55=4350|1007=ZI|1008=2|55=4351|1007=ZION|1008=3|55=255|1007=ACN.N|1008=2|55=4352|1007=ZM|1008=2|55=4353|1007=ZS|1008=3|55=4354|1007=ZTO|1008=3|55=4355|1007=ZTS|1008=3|55=4358|1007=ZYXI|1008=3|55=4359|1007=COPPER|1008=2|55=4360|1007=ALUMINIUM|1008=2|55=4361|1007=AUDJPY.I|1008=3|55=4362|1007=AUDNZD.I|1008=5|55=4363|1007=AUDSGD.I|1008=5|55=4364|1007=CADCHF.I|1008=5|55=4365|1007=CHFDKK.I|1008=5|55=4366|1007=CHFNOK.I|1008=5|55=4367|1007=CHFSGD.I|1008=5|55=4368|1007=EURCAD.I|1008=5|55=4369|1007=EURGBP.I|1008=5|55=4370|1007=EURHUF.I|1008=5|55=4371|1007=EURMXN.I|1008=5|55=4372|1007=EURPLN.I|1008=5|55=4373|1007=EURSGD.I|1008=5|55=4374|1007=GBPCAD.I|1008=5|55=4375|1007=GBPDKK.I|1008=5|55=4376|1007=GBPNOK.I|1008=5|55=4377|1007=GBPSEK.I|1008=5|55=4378|1007=GBPUSD.I|1008=5|55=4379|1007=HKDJPY.I|1008=3|55=4380|1007=NOKJPY.I|1008=3|55=4381|1007=NZDCAD.I|1008=5|55=4382|1007=NZDJPY.I|1008=3|55=4383|1007=NZDUSD.I|1008=5|55=287|1007=AFG.N|1008=3|55=4384|1007=SGDJPY.I|1008=3|55=4385|1007=USDCHF.I|1008=5|55=4386|1007=USDCZK.I|1008=5|55=4387|1007=USDHKD.I|1008=5|55=4388|1007=USDJPY.I|1008=3|55=4389|1007=USDNOK.I|1008=5|55=4390|1007=USDSEK.I|1008=5|55=4391|1007=USDTHB.I|1008=5|55=295|1007=AGI.N|1008=3|55=4392|1007=USDZAR.I|1008=5|55=4393|1007=ZARJPY.I|1008=3|55=4394|1007=USDTRY.I|1008=5|55=4395|1007=USDSGD.I|1008=5|55=4396|1007=USDPLN.I|1008=5|55=4397|1007=USDMXN.I|1008=5|55=4398|1007=USDHUF.I|1008=5|55=4399|1007=USDDKK.I|1008=5|55=4400|1007=USDCNH.I|1008=5|55=4401|1007=USDCAD.I|1008=5|55=4402|1007=SEKJPY.I|1008=3|55=4403|1007=NZDSGD.I|1008=5|55=4404|1007=NZDCHF.I|1008=5|55=4405|1007=NOKSEK.I|1008=5|55=4406|1007=MXNJPY.I|1008=3|55=4407|1007=GBPZAR.I|1008=5|55=4408|1007=GBPSGD.I|1008=5|55=4409|1007=GBPNZD.I|1008=5|55=4410|1007=GBPJPY.I|1008=3|55=4411|1007=GBPCHF.I|1008=5|55=4412|1007=GBPAUD.I|1008=5|55=4413|1007=EURSEK.I|1008=5|55=317|1007=ALC.N|1008=3|55=4414|1007=EURNZD.I|1008=5|55=4415|1007=EURJPY.I|1008=3|55=4416|1007=EURHKD.I|1008=5|55=4417|1007=EURCHF.I|1008=5|55=321|1007=ALG.N|1008=3|55=4418|1007=EURAUD.I|1008=5|55=4419|1007=CHFPLN.I|1008=5|55=323|1007=ALK.N|1008=3|55=4420|1007=CHFJPY.I|1008=3|55=4421|1007=CADJPY.I|1008=3|55=4422|1007=AUDUSD.I|1008=5|55=4423|1007=AUDSEK.I|1008=5|55=4424|1007=AUDNOK.I|1008=5|55=4425|1007=AUDCHF.I|1008=5|55=4426|1007=AUDCAD.I|1008=5|55=4429|1007=USCOFFEE|1008=1|55=4430|1007=XAUUSD.I|1008=2|55=334|1007=ALX.N|1008=3|55=4431|1007=XAGUSD.I|1008=3|55=4433|1007=META|1008=2|55=4435|1007=NEARUSD|1008=3|55=4436|1007=AAL|1008=3|55=4437|1007=APP|1008=3|55=4438|1007=LCID|1008=3|55=4439|1007=NVO|1008=3|55=4440|1007=ORI|1008=3|55=4441|1007=SMCI|1008=2|55=346|1007=AMP.N|1008=3|55=4442|1007=ZINC|1008=2|55=366|1007=APA.OQ|1008=3|55=398|1007=ASX.N|1008=3|55=434|1007=AZN.OQ|1008=3|55=519|1007=CAR.OQ|1008=3|55=522|1007=CARR.N|1008=3|55=564|1007=CGC.OQ|1008=3|55=613|1007=COF.N|1008=3|55=680|1007=DASH.N|1008=3|55=716|1007=DOW.N|1008=3|55=734|1007=EA.OQ|1008=2|55=745|1007=EEM.P|1008=2|55=799|1007=EWZ.P|1008=2|55=811|1007=EXR.N|1008=3|55=833|1007=FL.N|1008=3|55=979|1007=HUM.N|1008=3|55=1016|1007=ING.N|1008=3|55=1071|1007=KAR.N|1008=3|55=1141|1007=LTC.N|1008=3|55=1265|1007=NOK.N|1008=3|55=1288|1007=NWL.OQ|1008=3|55=1289|1007=NWS.OQ|1008=3|55=1317|1007=ORA.N|1008=3|55=1397|1007=PRU.N|1008=3|55=1432|1007=REG.OQ|1008=3|55=1455|1007=RMD.N|1008=3|55=1471|1007=RSG.N|1008=3|55=1489|1007=SAN.N|1008=3|55=1536|1007=SHV.OQ|1008=3|55=1542|1007=SIG.N|1008=3|55=1581|1007=SOL.N|1008=3|55=1662|1007=TEF.N|1008=3|55=1665|1007=TEVA.N|1008=3|55=1686|1007=TMUS.OQ|1008=2|55=1892|1007=LTCUSD|1008=2|55=1893|1007=BCHUSD|1008=3|55=2247|1007=ADBE.OQ|1008=2|55=2249|1007=AIG.N|1008=2|55=2252|1007=ALL.N|1008=2|55=2274|1007=CGC.N|1008=2|55=2292|1007=EA.O|1008=2|55=2300|1007=GE.N|1008=2|55=2313|1007=INTC.OQ|1008=2|55=2317|1007=K.N|1008=2|55=2321|1007=L.N|1008=2|55=2343|1007=NKE.N|1008=2|55=2348|1007=ORCL.N|1008=2|55=2358|1007=RACE.N|1008=2|55=2367|1007=T.N|1008=2|55=2372|1007=TMUS.N|1008=2|55=2469|1007=XAUUSD.P|1008=2|55=2470|1007=XAGUSD.P|1008=3|55=2473|1007=EURUSD.P|1008=5|55=2474|1007=GBPUSD.P|1008=5|55=2475|1007=EURJPY.P|1008=3|55=2476|1007=USDJPY.P|1008=3|55=2477|1007=AUDUSD.P|1008=5|55=2478|1007=USDCHF.P|1008=5|55=2479|1007=GBPJPY.P|1008=3|55=2480|1007=USDCAD.P|1008=5|55=2481|1007=EURGBP.P|1008=5|55=2482|1007=EURCHF.P|1008=5|55=2483|1007=AUDJPY.P|1008=3|55=2484|1007=NZDUSD.P|1008=5|55=2485|1007=CHFJPY.P|1008=3|55=2486|1007=EURAUD.P|1008=5|55=2487|1007=CADJPY.P|1008=3|55=2488|1007=GBPAUD.P|1008=5|55=2489|1007=EURCAD.P|1008=5|55=2490|1007=AUDCAD.P|1008=5|55=2491|1007=GBPCAD.P|1008=5|55=2492|1007=AUDNZD.P|1008=5|55=2493|1007=NZDJPY.P|1008=3|55=2494|1007=USDNOK.P|1008=5|55=2495|1007=AUDCHF.P|1008=5|55=2496|1007=USDMXN.P|1008=5|55=2497|1007=GBPNZD.P|1008=5|55=2498|1007=EURNZD.P|1008=5|55=2499|1007=CADCHF.P|1008=5|55=2500|1007=USDSGD.P|1008=5|55=2501|1007=USDSEK.P|1008=5|55=2502|1007=NZDCAD.P|1008=5|55=2503|1007=EURSEK.P|1008=5|55=2504|1007=GBPSGD.P|1008=5|55=2506|1007=EURHUF.P|1008=3|55=2507|1007=USDPLN.P|1008=5|55=2508|1007=USDDKK.P|1008=5|55=2509|1007=GBPNOK.P|1008=5|55=2510|1007=NZDCHF.P|1008=5|55=2511|1007=GBPCHF.P|1008=5|55=2512|1007=USDTRY.P|1008=5|55=2513|1007=EURHKD.P|1008=5|55=2514|1007=SGDJPY.P|1008=3|55=2515|1007=USDHKD.P|1008=5|55=2516|1007=USDZAR.P|1008=5|55=2517|1007=EURMXN.P|1008=5|55=2518|1007=EURPLN.P|1008=5|55=2519|1007=GBPZAR.P|1008=5|55=2520|1007=NZDSGD.P|1008=5|55=2521|1007=USDHUF.P|1008=3|55=2522|1007=USDCZK.P|1008=5|55=2523|1007=USDCNH.P|1008=5|55=2524|1007=GBPSEK.P|1008=5|55=2525|1007=AUDSEK.P|1008=5|55=2526|1007=AUDSGD.P|1008=5|55=2527|1007=CHFNOK.P|1008=5|55=2528|1007=CHFPLN.P|1008=5|55=2529|1007=CHFSGD.P|1008=5|55=2530|1007=EURSGD.P|1008=5|55=2531|1007=GBPDKK.P|1008=5|55=2532|1007=HKDJPY.P|1008=3|55=2533|1007=NOKJPY.P|1008=3|55=2534|1007=NOKSEK.P|1008=5|55=2535|1007=USDTHB.P|1008=3|55=2536|1007=ZARJPY.P|1008=3|55=2537|1007=AUDNOK.P|1008=5|55=2538|1007=SEKJPY.P|1008=3|55=2539|1007=CHFDKK.P|1008=5|55=2540|1007=MXNJPY.P|1008=3|55=2541|1007=USOIL.F|1008=3|55=2543|1007=UKBRENT.F|1008=0|55=2545|1007=DE30.F|1008=2|55=2546|1007=DJ30.F|1008=2|55=2547|1007=DX.F|1008=3|55=2549|1007=HK50.F|1008=2|55=2551|1007=US500.F|1008=2|55=2552|1007=USTEC.F|1008=2|55=2553|1007=JPN225.F|1008=2|55=2568|1007=SILVER.F|1008=1|55=2569|1007=GOLD.F|1008=1|55=2577|1007=DOGEUSD|1008=5|55=2592|1007=XRPUSD|1008=5|55=2595|1007=NGAS.F|1008=3|55=2596|1007=EURUSD.I|1008=5|55=2597|1007=ADAUSD|1008=4|55=2598|1007=DOTUSD|1008=3|55=2599|1007=LNKUSD|1008=3|55=2600|1007=US500|1008=2|55=2601|1007=XPYTHUSD|1008=4|55=2602|1007=XUNIUSD|1008=3|55=2603|1007=XATMUSD|1008=3|55=2604|1007=XINJUSD|1008=2|55=2605|1007=XNAKAUSD|1008=2|55=2608|1007=XAXUSD|1008=2|55=2610|1007=XFETUSD|1008=2|55=2611|1007=XAXSUSD|1008=3|55=2612|1007=XSLUSD|1008=4|55=2615|1007=CHINAA50|1008=2|55=2616|1007=A|1008=3|55=2617|1007=AA|1008=3|55=2618|1007=AAP|1008=3|55=2619|1007=AAPL|1008=2|55=2620|1007=AAT|1008=3|55=2621|1007=AAXJ|1008=3|55=2622|1007=ABBV|1008=3|55=2624|1007=ABEO|1008=3|55=2625|1007=ABEV|1008=3|55=2626|1007=ABM|1008=3|55=2627|1007=ABNB|1008=3|55=2628|1007=ABR|1008=3|55=2629|1007=ABT|1008=3|55=2630|1007=ABUS|1008=3|55=2631|1007=ACAD|1008=3|55=2632|1007=ACB|1008=3|55=2633|1007=ACET|1008=3|55=2634|1007=ACI|1008=3|55=2635|1007=ACLS|1008=3|55=2636|1007=ACM|1008=3|55=2637|1007=ACMR|1008=3|55=2639|1007=ACP|1008=3|55=2641|1007=ACWI|1008=3|55=2642|1007=ADAG|1008=3|55=2645|1007=ADC|1008=3|55=2647|1007=ADI|1008=3|55=2648|1007=ADM|1008=3|55=2650|1007=ADN|1008=3|55=2651|1007=ADNT|1008=3|55=2652|1007=ADP|1008=3|55=2653|1007=ADPT|1008=3|55=2654|1007=ADSGn|1008=2|55=2655|1007=ADSK|1008=3|55=2656|1007=ADT|1008=3|55=2658|1007=ADUS|1008=3|55=2659|1007=ADV|1008=3|55=2660|1007=ADVM|1008=3|55=2661|1007=ADX|1008=3|55=2663|1007=AEE|1008=3|55=2664|1007=AEG|1008=3|55=2665|1007=AEHR|1008=3|55=2666|1007=AEM|1008=3|55=2667|1007=AEO|1008=3|55=2668|1007=AEP|1008=3|55=2669|1007=AER|1008=3|55=2670|1007=AES|1008=3|55=2671|1007=AFL|1008=3|55=2673|1007=AFRM|1008=3|55=2674|1007=AFYA|1008=3|55=2675|1007=AG|1008=3|55=2676|1007=AGCO|1008=3|55=2677|1007=AGEN|1008=3|55=2679|1007=AGNC|1008=2|55=2681|1007=AGRO|1008=3|55=2683|1007=AHCO|1008=3|55=2684|1007=AHG|1008=3|55=2685|1007=AIG|1008=2|55=2686|1007=AIN|1008=3|55=2688|1007=AIRG|1008=3|55=2689|1007=AIRS|1008=3|55=2690|1007=AIV|1008=3|55=2691|1007=AIZ|1008=3|55=2692|1007=AJG|1008=3|55=2694|1007=AKAM|1008=2|55=2695|1007=AKR|1008=3|55=2696|1007=AKRO|1008=3|55=2697|1007=AKTS|1008=3|55=2698|1007=AKTX|1008=3|55=2700|1007=AL|1008=3|55=2701|1007=ALB|1008=3|55=2702|1007=ALDX|1008=3|55=2703|1007=ALEC|1008=3|55=2704|1007=ALEX|1008=3|55=2705|1007=ALGN|1008=3|55=2706|1007=ALLE|1008=3|55=2707|1007=ALLY|1008=3|55=2708|1007=ALNY|1008=2|55=2710|1007=ALRM|1008=3|55=2712|1007=ALRS|1008=3|55=2713|1007=ALT|1008=3|55=2714|1007=ALTG|1008=3|55=2715|1007=ALVG|1008=2|55=2716|1007=ALVR|1008=3|55=2717|1007=AM|1008=3|55=2718|1007=AMAT|1008=3|55=2719|1007=AMBA|1008=3|55=2720|1007=AMCR|1008=3|55=2721|1007=AMD|1008=3|55=2722|1007=AME|1008=3|55=2724|1007=AMG|1008=3|55=2725|1007=AMGN|1008=3|55=2726|1007=AMH|1008=3|55=2727|1007=AMLP|1008=3|55=2728|1007=AMR|1008=3|55=2729|1007=AMRC|1008=3|55=2730|1007=AMRN|1008=3|55=2732|1007=AMRX|1008=2|55=2733|1007=AMT|1008=3|55=2734|1007=AMTX|1008=3|55=2735|1007=AMWL|1008=3|55=2736|1007=AMX|1008=3|55=2737|1007=AMZN|1008=2|55=2738|1007=AN|1008=3|55=2739|1007=ANDE|1008=2|55=2740|1007=ANET|1008=3|55=2741|1007=ANF|1008=2|55=2742|1007=ANGI|1008=3|55=2745|1007=AOD|1008=3|55=2746|1007=AON|1008=3|55=2747|1007=AOS|1008=3|55=2748|1007=APD|1008=3|55=2749|1007=APH|1008=3|55=2750|1007=APO|1008=3|55=2751|1007=APPF|1008=3|55=2752|1007=APPN|1008=3|55=2754|1007=APT|1008=3|55=2755|1007=APTV|1008=3|55=2757|1007=AR|1008=3|55=2758|1007=ARAY|1008=3|55=2759|1007=ARCC|1008=3|55=2761|1007=ARCO|1008=3|55=2762|1007=ARCT|1008=3|55=2763|1007=ARE|1008=3|55=2766|1007=ARKG|1008=3|55=2767|1007=ARKK|1008=3|55=2768|1007=ARKQ|1008=3|55=2769|1007=ARMK|1008=3|55=2771|1007=AROC|1008=3|55=2772|1007=ARR|1008=3|55=2773|1007=ARW|1008=3|55=2774|1007=ARWR|1008=3|55=2775|1007=ASAN|1008=3|55=2776|1007=ASH|1008=3|55=2777|1007=ASIX|1008=3|55=2778|1007=ASTE|1008=3|55=2779|1007=ATEC|1008=3|55=2780|1007=ATGE|1008=3|55=2781|1007=ATHM|1008=2|55=2783|1007=ATI|1008=3|55=2785|1007=ATO|1008=3|55=2786|1007=ATRA|1008=3|55=2788|1007=ATUS|1008=3|55=2790|1007=AU|1008=3|55=2791|1007=AVAV|1008=2|55=2792|1007=AVB|1008=3|55=2793|1007=AVD|1008=3|55=2794|1007=AVGO|1008=3|55=2796|1007=AVK|1008=3|55=2797|1007=AVT|1008=3|55=2798|1007=AVTR|1008=3|55=2799|1007=AVXL|1008=3|55=2800|1007=AVY|1008=3|55=2801|1007=AWK|1008=3|55=2802|1007=AWP|1008=3|55=2803|1007=AX|1008=2|55=2805|1007=AXGN|1008=3|55=2806|1007=AXL|1008=3|55=2807|1007=AXON|1008=3|55=2808|1007=AXP|1008=2|55=2809|1007=AXSM|1008=3|55=2810|1007=AXTA|1008=3|55=2812|1007=AYI|1008=3|55=2813|1007=AYRO|1008=3|55=2814|1007=AYTU|1008=3|55=2816|1007=AZO|1008=3|55=2819|1007=BA|1008=2|55=2820|1007=BABA|1008=2|55=2821|1007=BAC|1008=2|55=2822|1007=BAH|1008=3|55=2823|1007=BAX|1008=3|55=2824|1007=BAYGn|1008=2|55=2825|1007=BB|1008=3|55=2826|1007=BBAR|1008=3|55=2828|1007=BBD|1008=3|55=2829|1007=BBH|1008=3|55=2831|1007=BBIO|1008=3|55=2832|1007=BBW|1008=3|55=2833|1007=BBY|1008=2|55=2834|1007=BC|1008=3|55=2835|1007=BCO|1008=3|55=2836|1007=BCRX|1008=3|55=2837|1007=BCS|1008=3|55=2838|1007=BDC|1008=3|55=2839|1007=BDJ|1008=3|55=2840|1007=BDN|1008=3|55=2841|1007=BDX|1008=3|55=2842|1007=BE|1008=3|55=2845|1007=BFAM|1008=3|55=2846|1007=BFb|1008=3|55=2847|1007=BFH|1008=3|55=2848|1007=BG|1008=3|55=2851|1007=BHF|1008=3|55=2852|1007=BHLB|1008=2|55=2853|1007=BIDU|1008=2|55=2855|1007=BIIB|1008=3|55=2856|1007=BILI|1008=3|55=2857|1007=BIO|1008=3|55=2858|1007=BIP|1008=3|55=2859|1007=BIRD|1008=3|55=2860|1007=BJ|1008=3|55=2861|1007=BK|1008=2|55=2862|1007=BKD|1008=3|55=2863|1007=BKNG|1008=2|55=2864|1007=BLFS|1008=3|55=2865|1007=BLK|1008=2|55=2866|1007=BLMN|1008=3|55=2867|1007=BLNK|1008=2|55=2869|1007=BMI|1008=3|55=2870|1007=BMO|1008=3|55=2871|1007=BMRN|1008=2|55=2872|1007=BMWG|1008=2|55=2873|1007=BMY|1008=3|55=2874|1007=BNGO|1008=3|55=2876|1007=BNTX|1008=3|55=2877|1007=BOOT|1008=3|55=2878|1007=BOX|1008=3|55=2880|1007=BR|1008=3|55=2882|1007=BRKb|1008=2|55=2883|1007=BRKR|1008=2|55=2884|1007=BRO|1008=3|55=2885|1007=BRX|1008=3|55=2886|1007=BSAC|1008=3|55=2887|1007=BSRR|1008=3|55=2888|1007=BSX|1008=3|55=2889|1007=BSY|1008=3|55=2890|1007=BTI|1008=3|55=2891|1007=BUD|1008=3|55=2892|1007=BURL|1008=3|55=2893|1007=BW|1008=3|55=2894|1007=BWA|1008=3|55=2895|1007=BX|1008=3|55=2896|1007=BXMT|1008=3|55=2897|1007=BXP|1008=3|55=2898|1007=BYD|1008=3|55=2899|1007=BYND|1008=3|55=2900|1007=BZFD|1008=4|55=2901|1007=BZUN|1008=2|55=2902|1007=CACC|1008=2|55=2903|1007=CADE|1008=3|55=2904|1007=CAG|1008=3|55=2905|1007=CAH|1008=3|55=2906|1007=CAKE|1008=2|55=2907|1007=CAL|1008=3|55=2908|1007=CALX|1008=3|55=2910|1007=CAN|1008=3|55=2914|1007=CARG|1008=3|55=2915|1007=CARS|1008=3|55=2917|1007=CASS|1008=2|55=2918|1007=CASY|1008=2|55=2919|1007=CAT|1008=3|55=2920|1007=CATO|1008=2|55=2921|1007=CATY|1008=3|55=2922|1007=CB|1008=3|55=2923|1007=CBAN|1008=3|55=2926|1007=CBKG|1008=3|55=2927|1007=CBOE|1008=3|55=2928|1007=CBRE|1008=3|55=2929|1007=CBRL|1008=2|55=2930|1007=CBU|1008=3|55=2931|1007=CC|1008=3|55=2932|1007=CCI|1008=3|55=2933|1007=CCJ|1008=3|55=2934|1007=CCK|1008=3|55=2935|1007=CCL|1008=3|55=2936|1007=CCO|1008=3|55=2937|1007=CCU|1008=3|55=2939|1007=CDE|1008=3|55=2940|1007=CDLX|1008=3|55=2941|1007=CDNS|1008=3|55=2942|1007=CDW|1008=3|55=2943|1007=CDXS|1008=3|55=2944|1007=CE|1008=3|55=2945|1007=CELC|1008=3|55=2946|1007=CELH|1008=3|55=2947|1007=CELU|1008=3|55=2949|1007=CENN|1008=3|55=2951|1007=CERS|1008=3|55=2952|1007=CEVA|1008=3|55=2953|1007=CF|1008=3|55=2954|1007=CFG|1008=3|55=2956|1007=CG|1008=2|55=2957|1007=CGNX|1008=2|55=2958|1007=CHD|1008=3|55=2959|1007=CHDN|1008=2|55=2960|1007=CHE|1008=3|55=2961|1007=CHEF|1008=3|55=2962|1007=CHGG|1008=2|55=2963|1007=CHI|1008=3|55=2964|1007=CHKP|1008=3|55=2965|1007=CHPT|1008=3|55=2966|1007=CHRS|1008=3|55=2967|1007=CHRW|1008=3|55=2969|1007=CHTR|1008=3|55=2970|1007=CHWY|1008=3|55=2971|1007=CI|1008=3|55=2972|1007=CIBR|1008=3|55=2973|1007=CIEN|1008=3|55=2974|1007=CIG|1008=3|55=2975|1007=CIM|1008=3|55=2976|1007=CINF|1008=3|55=2977|1007=CL|1008=3|55=2978|1007=CLBT|1008=3|55=2979|1007=CLDT|1008=3|55=2980|1007=CLDX|1008=2|55=2981|1007=CLF|1008=3|55=2982|1007=CLMT|1008=2|55=2983|1007=CLNE|1008=3|55=2984|1007=CLRB|1008=3|55=2985|1007=CLS|1008=3|55=2986|1007=CLSK|1008=2|55=2987|1007=CLX|1008=3|55=2988|1007=CMA|1008=3|55=2989|1007=CMC|1008=3|55=2990|1007=CMCSA|1008=2|55=2991|1007=CME|1008=3|55=2992|1007=CMG|1008=3|55=2993|1007=CMI|1008=3|55=2994|1007=CMRE|1008=3|55=2995|1007=CMS|1008=3|55=2996|1007=CMTL|1008=2|55=2997|1007=CNC|1008=3|55=2998|1007=CNDT|1008=3|55=3000|1007=CNK|1008=3|55=3001|1007=CNMD|1008=2|55=3002|1007=CNO|1008=3|55=3003|1007=CNP|1008=3|55=3004|1007=CNX|1008=3|55=3005|1007=CODX|1008=3|55=3006|1007=COIN|1008=3|55=3007|1007=COLD|1008=3|55=3008|1007=COMM|1008=3|55=3011|1007=COP|1008=3|55=3013|1007=COST|1008=2|55=3014|1007=COTY|1008=3|55=3015|1007=COUR|1008=2|55=3016|1007=CPA|1008=3|55=3017|1007=CPAC|1008=3|55=3018|1007=CPB|1008=3|55=3020|1007=CPRI|1008=3|55=3021|1007=CPRT|1008=2|55=3022|1007=CPRX|1008=4|55=3023|1007=CPT|1008=3|55=3025|1007=CRBP|1008=3|55=3026|1007=CRI|1008=3|55=3027|1007=CRIS|1008=3|55=3028|1007=CRK|1008=4|55=3029|1007=CRL|1008=3|55=3030|1007=CRM|1008=2|55=3031|1007=CRMD|1008=3|55=3032|1007=CRNT|1008=3|55=3033|1007=CRON|1008=2|55=3034|1007=CROX|1008=5|55=3035|1007=CRSP|1008=3|55=3036|1007=CRSR|1008=3|55=3037|1007=CRUS|1008=2|55=3038|1007=CRWD|1008=3|55=3040|1007=CSCO|1008=2|55=3041|1007=CSGP|1008=2|55=3042|1007=CSIQ|1008=3|55=3043|1007=CSTL|1008=3|55=3044|1007=CSX|1008=3|55=3045|1007=CTAS|1008=3|55=3046|1007=CTKB|1008=3|55=3048|1007=CTRM|1008=3|55=3049|1007=CTSH|1008=3|55=3050|1007=CTVA|1008=3|55=3051|1007=CUBE|1008=3|55=3052|1007=CUK|1008=3|55=3053|1007=CUZ|1008=3|55=3054|1007=CVAC|1008=3|55=3055|1007=CVCO|1008=3|55=3056|1007=CVE|1008=3|55=3057|1007=CVI|1008=3|55=3058|1007=CVNA|1008=3|55=3059|1007=CVS|1008=2|55=3060|1007=CVX|1008=2|55=3061|1007=CW|1008=3|55=3062|1007=CWCO|1008=3|55=3063|1007=CWEN|1008=3|55=3064|1007=CWST|1008=3|55=3065|1007=CWT|1008=3|55=3066|1007=CX|1008=3|55=3067|1007=CYBR|1008=3|55=3068|1007=CYH|1008=3|55=3069|1007=CYTK|1008=3|55=3071|1007=CZR|1008=3|55=3072|1007=D|1008=3|55=3073|1007=DAIGn|1008=2|55=3074|1007=DAL|1008=2|55=3075|1007=DAN|1008=3|55=3077|1007=DAR|1008=3|55=3078|1007=DAVE|1008=3|55=3079|1007=DAWN|1008=3|55=3080|1007=DB|1008=3|55=3081|1007=DBA|1008=2|55=3083|1007=DBI|1008=3|55=3084|1007=DBKGn|1008=2|55=3085|1007=DBRG|1008=3|55=3086|1007=DBX|1008=2|55=3087|1007=DCI|1008=3|55=3088|1007=DD|1008=2|55=3089|1007=DDD|1008=3|55=3090|1007=DDOG|1008=3|55=3091|1007=DDS|1008=3|55=3092|1007=DE|1008=3|55=3093|1007=DECK|1008=2|55=3094|1007=DEI|1008=3|55=3095|1007=DELL|1008=3|55=3097|1007=DENN|1008=3|55=3098|1007=DEO|1008=3|55=3100|1007=DG|1008=2|55=3101|1007=DGX|1008=3|55=3102|1007=DHI|1008=3|55=3103|1007=DHR|1008=3|55=3104|1007=DHT|1008=3|55=3105|1007=DIA|1008=3|55=3106|1007=DIN|1008=3|55=3107|1007=DIS|1008=2|55=3109|1007=DK|1008=3|55=3110|1007=DKNG|1008=3|55=3111|1007=DKS|1008=3|55=3112|1007=DLR|1008=3|55=3113|1007=DLTR|1008=2|55=3114|1007=DNOW|1008=3|55=3115|1007=DOCU|1008=3|55=3116|1007=DOMO|1008=3|55=3117|1007=DOV|1008=3|55=3118|1007=DOX|1008=3|55=3119|1007=DOYU|1008=3|55=3120|1007=DPWGn|1008=2|55=3121|1007=DPZ|1008=3|55=3122|1007=DRH|1008=3|55=3123|1007=DRI|1008=3|55=3124|1007=DRIV|1008=3|55=3125|1007=DT|1008=3|55=3126|1007=DTE|1008=3|55=3127|1007=DTIL|1008=3|55=3128|1007=DUK|1008=3|55=3129|1007=DVA|1008=3|55=3130|1007=DVAX|1008=3|55=3131|1007=DVMT|1008=2|55=3132|1007=DVN|1008=3|55=3133|1007=DVY|1008=3|55=3134|1007=DX|1008=3|55=3135|1007=DXC|1008=3|55=3136|1007=DXCM|1008=3|55=3137|1007=EAT|1008=3|55=3138|1007=EB|1008=3|55=3139|1007=EBAY|1008=2|55=3141|1007=EBS|1008=3|55=3142|1007=EC|1008=3|55=3143|1007=ECL|1008=3|55=3144|1007=ED|1008=3|55=3145|1007=EDIT|1008=3|55=3146|1007=EDU|1008=3|55=3147|1007=EEFT|1008=2|55=3149|1007=EEX|1008=3|55=3150|1007=EFX|1008=3|55=3151|1007=EGAN|1008=3|55=3152|1007=EGO|1008=3|55=3153|1007=EGP|1008=3|55=3154|1007=EH|1008=3|55=3155|1007=EHC|1008=3|55=3156|1007=EHTH|1008=2|55=3157|1007=EIX|1008=3|55=3158|1007=EKSO|1008=3|55=3159|1007=EL|1008=3|55=3160|1007=ELAN|1008=3|55=3161|1007=ELF|1008=3|55=3162|1007=ELS|1008=3|55=3163|1007=EMB|1008=3|55=3164|1007=EME|1008=3|55=3165|1007=EMN|1008=3|55=3166|1007=EMR|1008=3|55=3167|1007=ENPH|1008=3|55=3168|1007=ENR|1008=3|55=3169|1007=ENS|1008=3|55=3170|1007=ENTG|1008=2|55=3172|1007=EOG|1008=3|55=3173|1007=EOLS|1008=3|55=3174|1007=EONGn|1008=2|55=3175|1007=EPAM|1008=3|55=3176|1007=EPC|1008=3|55=3177|1007=EPD|1008=3|55=3178|1007=EPR|1008=3|55=3179|1007=EPRT|1008=3|55=3181|1007=EQH|1008=3|55=3182|1007=EQIX|1008=3|55=3183|1007=EQNR|1008=3|55=3184|1007=EQR|1008=3|55=3185|1007=EQT|1008=3|55=3186|1007=ERIC|1008=3|55=3187|1007=ERIE|1008=2|55=3188|1007=ES|1008=3|55=3189|1007=ESNT|1008=3|55=3190|1007=ESRT|1008=3|55=3191|1007=ESS|1008=3|55=3192|1007=ESTC|1008=3|55=3193|1007=ET|1008=3|55=3194|1007=ETN|1008=3|55=3195|1007=ETR|1008=3|55=3196|1007=ETSY|1008=3|55=3198|1007=EVER|1008=3|55=3200|1007=EW|1008=2|55=3201|1007=EWH|1008=2|55=3202|1007=EWW|1008=2|55=3205|1007=EXAS|1008=3|55=3206|1007=EXC|1008=3|55=3207|1007=EXEL|1008=2|55=3208|1007=EXFY|1008=2|55=3209|1007=EXK|1008=3|55=3210|1007=EXLS|1008=3|55=3212|1007=EXPE|1008=2|55=3213|1007=EXPI|1008=3|55=3214|1007=EXPO|1008=3|55=3216|1007=F|1008=2|55=3217|1007=FAF|1008=3|55=3218|1007=FANG|1008=3|55=3219|1007=FAST|1008=3|55=3220|1007=FATE|1008=3|55=3221|1007=FAX|1008=3|55=3223|1007=FBP|1008=3|55=3224|1007=FCEL|1008=3|55=3225|1007=FCN|1008=3|55=3226|1007=FCPT|1008=3|55=3227|1007=FCX|1008=3|55=3228|1007=FDS|1008=3|55=3229|1007=FDX|1008=2|55=3230|1007=FE|1008=3|55=3231|1007=FFIV|1008=3|55=3232|1007=FHN|1008=3|55=3233|1007=FICO|1008=3|55=3234|1007=FIS|1008=3|55=3236|1007=FITB|1008=3|55=3237|1007=FIVE|1008=3|55=3238|1007=FIVN|1008=3|55=3239|1007=FIZZ|1008=3|55=3241|1007=FLEX|1008=3|55=3242|1007=FLO|1008=3|55=3243|1007=FLR|1008=3|55=3244|1007=FLS|1008=3|55=3245|1007=FLWS|1008=3|55=3246|1007=FMC|1008=3|55=3247|1007=FNF|1008=3|55=3248|1007=FOLD|1008=3|55=3249|1007=FOSL|1008=3|55=3250|1007=FOUR|1008=3|55=3251|1007=FOX|1008=3|55=3252|1007=FOXA|1008=3|55=3253|1007=FPI|1008=3|55=3254|1007=FR|1008=3|55=3256|1007=FROG|1008=3|55=3257|1007=FRPT|1008=3|55=3258|1007=FRSX|1008=3|55=3259|1007=FRT|1008=3|55=3260|1007=FSK|1008=3|55=3261|1007=FSLR|1008=3|55=3262|1007=FSLY|1008=3|55=3263|1007=FSM|1008=3|55=3266|1007=FTI|1008=3|55=3267|1007=FTNT|1008=3|55=3268|1007=FTV|1008=3|55=3269|1007=FUBO|1008=2|55=3270|1007=FUN|1008=3|55=3271|1007=FVRR|1008=3|55=3272|1007=FWONA|1008=2|55=3273|1007=FWONK|1008=3|55=3274|1007=FXI|1008=2|55=3275|1007=GABC|1008=3|55=3276|1007=GAME|1008=3|55=3277|1007=GASS|1008=3|55=3278|1007=GCI|1008=3|55=3279|1007=GD|1008=3|55=3280|1007=GDDY|1008=2|55=3281|1007=GDOT|1008=3|55=3282|1007=GDRX|1008=3|55=3283|1007=GDX|1008=2|55=3284|1007=GDXJ|1008=2|55=3286|1007=GEF|1008=3|55=3287|1007=GEL|1008=3|55=3288|1007=GEO|1008=3|55=3289|1007=GERN|1008=3|55=3290|1007=GES|1008=3|55=3291|1007=GEVO|1008=3|55=3292|1007=GFI|1008=3|55=3293|1007=GGB|1008=3|55=3294|1007=GHC|1008=3|55=3295|1007=GIB|1008=3|55=3296|1007=GIII|1008=2|55=3297|1007=GILD|1008=2|55=3298|1007=GIS|1008=3|55=3299|1007=GKOS|1008=3|55=3300|1007=GL|1008=3|55=3301|1007=GLAD|1008=3|55=3302|1007=GLD|1008=3|55=3304|1007=GLNG|1008=2|55=3305|1007=GLPI|1008=3|55=3306|1007=GLW|1008=3|55=3307|1007=GM|1008=2|55=3309|1007=GME|1008=3|55=3310|1007=GMED|1008=3|55=3311|1007=GMRE|1008=3|55=3313|1007=GNK|1008=3|55=3314|1007=GNL|1008=3|55=3315|1007=GNPX|1008=3|55=3316|1007=GNRC|1008=3|55=3317|1007=GNTX|1008=2|55=3319|1007=GNW|1008=3|55=3320|1007=GO|1008=3|55=3321|1007=GOGO|1008=3|55=3323|1007=GOLD|1008=2|55=3324|1007=GOOD|1008=3|55=3325|1007=GOOG|1008=2|55=3326|1007=GOSS|1008=3|55=3327|1007=GPC|1008=3|55=3328|1007=GPI|1008=3|55=3329|1007=GPK|1008=3|55=3330|1007=GPN|1008=3|55=3331|1007=GPRE|1008=3|55=3332|1007=GPRO|1008=3|55=3334|1007=GRAB|1008=3|55=3336|1007=GRMN|1008=3|55=3337|1007=GRPN|1008=3|55=3338|1007=GRWG|1008=3|55=3339|1007=GS|1008=2|55=3340|1007=GSIT|1008=3|55=3341|1007=GT|1008=3|55=3342|1007=GTN|1008=3|55=3343|1007=GTY|1008=3|55=3344|1007=GVA|1008=3|55=3345|1007=GWRE|1008=3|55=3346|1007=GWW|1008=3|55=3347|1007=H|1008=3|55=3349|1007=HAE|1008=3|55=3350|1007=HAIN|1008=2|55=3351|1007=HAL|1008=3|55=3352|1007=HALO|1008=2|55=3353|1007=HAS|1008=3|55=3354|1007=HASI|1008=3|55=3355|1007=HBAN|1008=3|55=3356|1007=HBI|1008=3|55=3357|1007=HCA|1008=3|55=3358|1007=HD|1008=2|55=3360|1007=HEI|1008=3|55=3363|1007=HGV|1008=3|55=3365|1007=HIG|1008=3|55=3366|1007=HII|1008=3|55=3367|1007=HIW|1008=3|55=3368|1007=HLF|1008=3|55=3369|1007=HLIT|1008=2|55=3370|1007=HLT|1008=2|55=3371|1007=HLX|1008=3|55=3372|1007=HMC|1008=3|55=3373|1007=HMY|1008=3|55=3374|1007=HOG|1008=3|55=3375|1007=HOLX|1008=3|55=3376|1007=HON|1008=3|55=3377|1007=HOOD|1008=2|55=3378|1007=HP|1008=3|55=3379|1007=HPE|1008=3|55=3380|1007=HPP|1008=3|55=3381|1007=HPQ|1008=2|55=3382|1007=HQY|1008=3|55=3383|1007=HR|1008=3|55=3384|1007=HRB|1008=3|55=3385|1007=HRL|1008=3|55=3387|1007=HSBC|1008=2|55=3389|1007=HSIC|1008=3|55=3390|1007=HST|1008=3|55=3391|1007=HSY|1008=3|55=3392|1007=HTGC|1008=3|55=3393|1007=HTHT|1008=2|55=3394|1007=HUBB|1008=3|55=3395|1007=HUBS|1008=3|55=3396|1007=HUN|1008=3|55=3397|1007=HWM|1008=3|55=3398|1007=HXL|1008=3|55=3399|1007=HYLN|1008=3|55=3400|1007=HYT|1008=3|55=3401|1007=IAC|1008=3|55=3402|1007=IAU|1008=3|55=3403|1007=IBB|1008=3|55=3404|1007=IBE|1008=2|55=3405|1007=IBKR|1008=2|55=3406|1007=IBM|1008=2|55=3407|1007=IBP|1008=3|55=3408|1007=ICE|1008=3|55=3409|1007=ICLN|1008=3|55=3411|1007=IDA|1008=3|55=3412|1007=IDCC|1008=2|55=3414|1007=IDXX|1008=2|55=3415|1007=IEF|1008=3|55=3416|1007=IEMG|1008=2|55=3417|1007=IEP|1008=3|55=3418|1007=IEX|1008=3|55=3419|1007=IFF|1008=3|55=3420|1007=IFRX|1008=3|55=3423|1007=IHRT|1008=3|55=3424|1007=IHS|1008=2|55=3425|1007=IIPR|1008=3|55=3426|1007=ILMN|1008=2|55=3427|1007=ILPT|1008=3|55=3428|1007=IMAX|1008=3|55=3430|1007=IMO|1008=3|55=3431|1007=INCY|1008=2|55=3432|1007=INDY|1008=2|55=3434|1007=INFY|1008=3|55=3435|1007=INGN|1008=3|55=3436|1007=INGR|1008=3|55=3437|1007=INN|1008=3|55=3438|1007=INO|1008=3|55=3439|1007=INSG|1008=2|55=3440|1007=INSP|1008=3|55=3441|1007=INTC|1008=2|55=3442|1007=INTU|1008=3|55=3443|1007=INVH|1008=3|55=3444|1007=IONS|1008=2|55=3445|1007=IP|1008=3|55=3446|1007=IPG|1008=3|55=3447|1007=IPGP|1008=2|55=3448|1007=IQ|1008=3|55=3449|1007=IQV|1008=3|55=3450|1007=IR|1008=3|55=3451|1007=IRBT|1008=2|55=3452|1007=IRDM|1008=2|55=3453|1007=IRM|1008=3|55=3454|1007=IRT|1008=3|55=3455|1007=IRTC|1008=3|55=3456|1007=ISRG|1008=3|55=3457|1007=ISTB|1008=3|55=3458|1007=IT|1008=3|55=3460|1007=ITRI|1008=2|55=3461|1007=ITUB|1008=3|55=3462|1007=ITW|1008=3|55=3463|1007=IUSB|1008=3|55=3464|1007=IUSG|1008=3|55=3465|1007=IUSV|1008=3|55=3466|1007=IVR|1008=3|55=3467|1007=IVZ|1008=3|55=3468|1007=IWM|1008=3|55=3469|1007=IXUS|1008=3|55=3470|1007=IZEA|1008=3|55=3471|1007=J|1008=3|55=3472|1007=JACK|1008=2|55=3473|1007=JAZZ|1008=3|55=3474|1007=JBGS|1008=3|55=3475|1007=JBHT|1008=3|55=3476|1007=JBL|1008=3|55=3477|1007=JBLU|1008=3|55=3479|1007=JCI|1008=3|55=3480|1007=JD|1008=2|55=3481|1007=JEF|1008=3|55=3482|1007=JFU|1008=3|55=3483|1007=JKHY|1008=2|55=3484|1007=JKS|1008=3|55=3485|1007=JLL|1008=3|55=3486|1007=JMIA|1008=2|55=3487|1007=JNJ|1008=2|55=3489|1007=JOE|1008=3|55=3490|1007=JOUT|1008=3|55=3491|1007=JPM|1008=2|55=3493|1007=K|1008=2|55=3494|1007=KARS|1008=3|55=3495|1007=KBH|1008=3|55=3496|1007=KBR|1008=3|55=3497|1007=KBWD|1008=3|55=3498|1007=KDP|1008=3|55=3499|1007=KEN|1008=3|55=3501|1007=KEY|1008=3|55=3502|1007=KEYS|1008=3|55=3503|1007=KGC|1008=3|55=3504|1007=KHC|1008=2|55=3505|1007=KIM|1008=3|55=3506|1007=KKR|1008=2|55=3507|1007=KLAC|1008=3|55=3508|1007=KMB|1008=3|55=3509|1007=KMI|1008=3|55=3510|1007=KMT|1008=3|55=3511|1007=KMX|1008=3|55=3512|1007=KNDI|1008=3|55=3513|1007=KNX|1008=3|55=3514|1007=KO|1008=2|55=3515|1007=KODK|1008=3|55=3516|1007=KOS|1008=5|55=3517|1007=KR|1008=3|55=3518|1007=KRC|1008=3|55=3519|1007=KRNT|1008=3|55=3520|1007=KRO|1008=3|55=3521|1007=KSS|1008=3|55=3522|1007=KTOS|1008=3|55=3523|1007=KW|1008=3|55=3524|1007=L|1008=2|55=3525|1007=LAD|1008=3|55=3526|1007=LAMR|1008=3|55=3527|1007=LAND|1008=3|55=3528|1007=LAW|1008=3|55=3529|1007=LAZ|1008=3|55=3530|1007=LAZR|1008=3|55=3531|1007=LBRDA|1008=3|55=3532|1007=LBRDK|1008=3|55=3533|1007=LBRT|1008=3|55=3534|1007=LBTYA|1008=3|55=3535|1007=LBTYK|1008=2|55=3536|1007=LDOS|1008=3|55=3537|1007=LEA|1008=3|55=3538|1007=LECO|1008=2|55=3539|1007=LEG|1008=3|55=3540|1007=LEN|1008=3|55=3541|1007=LEVI|1008=3|55=3542|1007=LGFa|1008=3|55=3543|1007=LH|1008=3|55=3544|1007=LHAG|1008=2|55=3545|1007=LHX|1008=3|55=3546|1007=LI|1008=3|55=3547|1007=LII|1008=3|55=3548|1007=LILA|1008=3|55=3550|1007=LITE|1008=3|55=3551|1007=LKQ|1008=2|55=3552|1007=LLY|1008=2|55=3553|1007=LMND|1008=2|55=3554|1007=LMT|1008=2|55=3555|1007=LNC|1008=3|55=3557|1007=LNT|1008=3|55=3558|1007=LOGI|1008=3|55=3559|1007=LOW|1008=3|55=3560|1007=LPLA|1008=2|55=3561|1007=LPSN|1008=2|55=3562|1007=LPX|1008=3|55=3563|1007=LQD|1008=2|55=3564|1007=LRCX|1008=3|55=3565|1007=LRN|1008=3|55=3566|1007=LSCC|1008=2|55=3572|1007=LU|1008=3|55=3573|1007=LULU|1008=3|55=3574|1007=LUMN|1008=3|55=3576|1007=LUV|1008=2|55=3578|1007=LVS|1008=2|55=3579|1007=LW|1008=3|55=3580|1007=LXP|1008=3|55=3581|1007=LXRX|1008=3|55=3582|1007=LXU|1008=3|55=3583|1007=LYB|1008=3|55=3584|1007=LYFT|1008=2|55=3585|1007=LYG|1008=3|55=3586|1007=LYV|1008=3|55=3587|1007=M|1008=4|55=3588|1007=MA|1008=2|55=3589|1007=MAA|1008=3|55=3590|1007=MAC|1008=3|55=3591|1007=MAIN|1008=3|55=3592|1007=MAN|1008=2|55=3593|1007=MANU|1008=3|55=3594|1007=MAR|1008=2|55=3595|1007=MARA|1008=3|55=3597|1007=MAS|1008=3|55=3598|1007=MASI|1008=2|55=3599|1007=MAT|1008=3|55=3601|1007=MCD|1008=2|55=3602|1007=MCHI|1008=3|55=3603|1007=MCHP|1008=3|55=3604|1007=MCK|1008=3|55=3605|1007=MCO|1008=2|55=3606|1007=MCRB|1008=3|55=3607|1007=MD|1008=3|55=3608|1007=MDB|1008=3|55=3610|1007=MDIV|1008=3|55=3611|1007=MDLZ|1008=3|55=3612|1007=MDT|1008=3|55=3613|1007=MDU|1008=3|55=3614|1007=MED|1008=3|55=3615|1007=MELI|1008=3|55=3616|1007=MET|1008=2|55=3617|1007=MFA|1008=3|55=3619|1007=MGM|1008=2|55=3620|1007=MGY|1008=3|55=3621|1007=MHK|1008=3|55=3623|1007=MITK|1008=3|55=3624|1007=MITT|1008=3|55=3625|1007=MJ|1008=2|55=3626|1007=MKC|1008=3|55=3627|1007=MKL|1008=3|55=3628|1007=MKSI|1008=2|55=3629|1007=MKTX|1008=2|55=3630|1007=MLCO|1008=2|55=3631|1007=MLM|1008=3|55=3632|1007=MMC|1008=3|55=3633|1007=MMI|1008=3|55=3634|1007=MMM|1008=2|55=3635|1007=MMYT|1008=3|55=3636|1007=MNDY|1008=3|55=3637|1007=MNKD|1008=3|55=3638|1007=MNST|1008=3|55=3640|1007=MO|1008=2|55=3641|1007=MOH|1008=3|55=3642|1007=MOMO|1008=2|55=3643|1007=MOO|1008=2|55=3644|1007=MORN|1008=2|55=3645|1007=MOS|1008=3|55=3646|1007=MPC|1008=3|55=3648|1007=MPW|1008=3|55=3649|1007=MPWR|1008=2|55=3650|1007=MRCY|1008=3|55=3651|1007=MRK|1008=2|55=3652|1007=MRNA|1008=3|55=3656|1007=MRVL|1008=3|55=3657|1007=MS|1008=3|55=3658|1007=MSCI|1008=3|55=3659|1007=MSFT|1008=2|55=3660|1007=MSGS|1008=2|55=3661|1007=MSI|1008=2|55=3662|1007=MSTR|1008=2|55=3663|1007=MTB|1008=3|55=3664|1007=MTCH|1008=2|55=3665|1007=MTD|1008=3|55=3666|1007=MTDR|1008=3|55=3667|1007=MTH|1008=3|55=3668|1007=MTN|1008=3|55=3669|1007=MTW|1008=3|55=3670|1007=MTZ|1008=3|55=3671|1007=MU|1008=2|55=3672|1007=MUR|1008=3|55=3673|1007=MUSA|1008=3|55=3674|1007=MUX|1008=3|55=3675|1007=MVIS|1008=3|55=3676|1007=MWA|1008=3|55=3677|1007=MX|1008=3|55=3679|1007=NAT|1008=3|55=3681|1007=NAVI|1008=3|55=3682|1007=NBIX|1008=2|55=3683|1007=NBR|1008=5|55=3684|1007=NCLH|1008=3|55=3685|1007=NCMI|1008=2|55=3687|1007=NDAQ|1008=3|55=3688|1007=NDLS|1008=3|55=3689|1007=NDSN|1008=2|55=3690|1007=NEE|1008=3|55=3691|1007=NEM|1008=2|55=3693|1007=NERV|1008=3|55=3694|1007=NESR|1008=3|55=3695|1007=NET|1008=3|55=3697|1007=NFLX|1008=2|55=3698|1007=NI|1008=3|55=3699|1007=NICE|1008=2|55=3700|1007=NIO|1008=3|55=3701|1007=NIU|1008=3|55=3702|1007=NKE|1008=2|55=3704|1007=NKTR|1008=2|55=3705|1007=NLY|1008=3|55=3706|1007=NMIH|1008=3|55=3707|1007=NMRK|1008=2|55=3708|1007=NNDM|1008=3|55=3709|1007=NNN|1008=3|55=3710|1007=NOAH|1008=3|55=3711|1007=NOC|1008=3|55=3712|1007=NOMD|1008=3|55=3713|1007=NOV|1008=3|55=3714|1007=NOW|1008=3|55=3715|1007=NRG|1008=2|55=3716|1007=NSA|1008=3|55=3717|1007=NSC|1008=3|55=3718|1007=NSP|1008=3|55=3719|1007=NTAP|1008=3|55=3720|1007=NTES|1008=2|55=3721|1007=NTLA|1008=3|55=3722|1007=NTNX|1008=2|55=3723|1007=NTRA|1008=3|55=3724|1007=NTRS|1008=3|55=3725|1007=NUE|1008=3|55=3726|1007=NUS|1008=3|55=3728|1007=NVAX|1008=3|55=3729|1007=NVCR|1008=3|55=3730|1007=NVDA|1008=2|55=3731|1007=NVGS|1008=3|55=3732|1007=NVR|1008=3|55=3734|1007=NVS|1008=3|55=3736|1007=NWSA|1008=3|55=3737|1007=NXPI|1008=3|55=3738|1007=NXST|1008=3|55=3740|1007=NYT|1008=3|55=3741|1007=O|1008=3|55=3742|1007=OC|1008=3|55=3743|1007=OCGN|1008=2|55=3744|1007=OCUL|1008=3|55=3745|1007=ODFL|1008=2|55=3746|1007=ODP|1008=3|55=3748|1007=OHI|1008=3|55=3749|1007=OI|1008=3|55=3750|1007=OIH|1008=3|55=3751|1007=OKE|1008=3|55=3752|1007=OKTA|1008=3|55=3753|1007=OLED|1008=2|55=3754|1007=OLLI|1008=3|55=3755|1007=OLN|1008=3|55=3756|1007=OMC|1008=2|55=3757|1007=OMI|1008=3|55=3758|1007=ON|1008=3|55=3759|1007=ONTO|1008=3|55=3761|1007=OPEN|1008=2|55=3763|1007=OPK|1008=3|55=3764|1007=ORCL|1008=2|55=3766|1007=ORLY|1008=3|55=3769|1007=OSK|1008=3|55=3771|1007=OSUR|1008=2|55=3772|1007=OTIS|1008=3|55=3773|1007=OUT|1008=3|55=3774|1007=OVID|1008=3|55=3775|1007=OXY|1008=3|55=3776|1007=PAA|1008=3|55=3777|1007=PACB|1008=3|55=3778|1007=PAG|1008=3|55=3779|1007=PAGP|1008=3|55=3780|1007=PAGS|1008=3|55=3781|1007=PANW|1008=3|55=3783|1007=PAYC|1008=3|55=3784|1007=PAYS|1008=3|55=3785|1007=PAYX|1008=3|55=3786|1007=PBA|1008=3|55=3787|1007=PBF|1008=3|55=3788|1007=PBI|1008=3|55=3789|1007=PBR|1008=3|55=3790|1007=PBT|1008=3|55=3791|1007=PBYI|1008=3|55=3792|1007=PCAR|1008=3|55=3793|1007=PCG|1008=3|55=3794|1007=PCH|1008=2|55=3795|1007=PCTY|1008=3|55=3796|1007=PCVX|1008=3|55=3797|1007=PD|1008=3|55=3800|1007=PDD|1008=2|55=3801|1007=PDM|1008=3|55=3803|1007=PEB|1008=3|55=3804|1007=PEG|1008=3|55=3805|1007=PEGA|1008=2|55=3806|1007=PEN|1008=3|55=3807|1007=PENN|1008=3|55=3808|1007=PEP|1008=2|55=3809|1007=PFE|1008=2|55=3810|1007=PFF|1008=3|55=3811|1007=PFG|1008=3|55=3812|1007=PFGC|1008=3|55=3813|1007=PG|1008=2|55=3814|1007=PGEN|1008=3|55=3815|1007=PGNY|1008=3|55=3816|1007=PGR|1008=2|55=3817|1007=PGRE|1008=3|55=3818|1007=PH|1008=3|55=3819|1007=PHK|1008=3|55=3820|1007=PHM|1008=3|55=3821|1007=PHR|1008=3|55=3822|1007=PII|1008=3|55=3823|1007=PINC|1008=3|55=3824|1007=PINE|1008=3|55=3825|1007=PINS|1008=2|55=3826|1007=PK|1008=3|55=3827|1007=PKG|1008=3|55=3829|1007=PLAY|1008=3|55=3830|1007=PLCE|1008=2|55=3831|1007=PLD|1008=3|55=3832|1007=PLNT|1008=3|55=3833|1007=PLTR|1008=3|55=3834|1007=PLUG|1008=3|55=3836|1007=PM|1008=2|55=3837|1007=PNC|1008=2|55=3838|1007=PNR|1008=3|55=3839|1007=PNW|1008=3|55=3840|1007=PODD|1008=2|55=3841|1007=POOL|1008=2|55=3842|1007=POWI|1008=2|55=3843|1007=PPG|1008=3|55=3844|1007=PPL|1008=3|55=3846|1007=PRG|1008=3|55=3847|1007=PRGO|1008=3|55=3848|1007=PRQR|1008=3|55=3851|1007=PSA|1008=3|55=3852|1007=PSEC|1008=2|55=3853|1007=PSTG|1008=3|55=3854|1007=PSX|1008=3|55=3855|1007=PTC|1008=2|55=3856|1007=PTEN|1008=3|55=3857|1007=PTON|1008=3|55=3858|1007=PTY|1008=3|55=3859|1007=PUMP|1008=3|55=3860|1007=PVH|1008=3|55=3861|1007=PWR|1008=3|55=3863|1007=PYPL|1008=2|55=3864|1007=PZZA|1008=2|55=3865|1007=QCOM|1008=2|55=3866|1007=QD|1008=3|55=3867|1007=QDEL|1008=3|55=3868|1007=QFIN|1008=2|55=3869|1007=QQQ|1008=2|55=3870|1007=QQQX|1008=3|55=3872|1007=QRVO|1008=3|55=3873|1007=QS|1008=2|55=3874|1007=QTWO|1008=3|55=3875|1007=QURE|1008=3|55=3876|1007=R|1008=3|55=3878|1007=RBBN|1008=3|55=3879|1007=RBLX|1008=3|55=3880|1007=RCKT|1008=3|55=3881|1007=RCL|1008=3|55=3883|1007=RDN|1008=3|55=3884|1007=RDWR|1008=2|55=3886|1007=REGN|1008=3|55=3888|1007=RERE|1008=3|55=3890|1007=REXR|1008=3|55=3891|1007=RF|1008=3|55=3892|1007=RGA|1008=3|55=3893|1007=RGEN|1008=3|55=3895|1007=RH|1008=3|55=3896|1007=RHI|1008=3|55=3897|1007=RIG|1008=3|55=3898|1007=RIGL|1008=2|55=3899|1007=RIOT|1008=3|55=3900|1007=RIVN|1008=3|55=3901|1007=RJF|1008=3|55=3902|1007=RKLB|1008=3|55=3903|1007=RKT|1008=3|55=3904|1007=RL|1008=3|55=3905|1007=RLJ|1008=3|55=3906|1007=RMAX|1008=3|55=3907|1007=RMBS|1008=3|55=3908|1007=RNG|1008=3|55=3909|1007=RNR|1008=3|55=3911|1007=ROK|1008=3|55=3912|1007=ROKU|1008=3|55=3913|1007=ROL|1008=3|55=3915|1007=ROST|1008=3|55=3917|1007=RPD|1008=3|55=3918|1007=RPM|1008=3|55=3919|1007=RPRX|1008=3|55=3920|1007=RRC|1008=3|55=3921|1007=RRGB|1008=2|55=3922|1007=RS|1008=3|55=3923|1007=RTN|1008=2|55=3924|1007=RTX|1008=3|55=3925|1007=RUN|1008=3|55=3927|1007=RVLV|1008=3|55=3928|1007=RVMD|1008=3|55=3930|1007=RWT|1008=3|55=3931|1007=RY|1008=3|55=3932|1007=RYAAY|1008=3|55=3933|1007=RYAM|1008=3|55=3934|1007=RYN|1008=3|55=3935|1007=SA|1008=3|55=3936|1007=SABR|1008=3|55=3938|1007=SAH|1008=3|55=3939|1007=SAM|1008=3|55=3940|1007=SAMG|1008=3|55=3941|1007=SANM|1008=3|55=3942|1007=SAR|1008=3|55=3943|1007=SATS|1008=3|55=3944|1007=SAVA|1008=3|55=3945|1007=SAVE|1008=3|55=3946|1007=SB|1008=3|55=3947|1007=SBAC|1008=2|55=3948|1007=SBGI|1008=2|55=3949|1007=SBH|1008=3|55=3950|1007=SBLK|1008=3|55=3952|1007=SBRA|1008=2|55=3953|1007=SBS|1008=3|55=3954|1007=SBSW|1008=3|55=3956|1007=SBUX|1008=2|55=3957|1007=SCCO|1008=3|55=3958|1007=SCHW|1008=2|55=3959|1007=SCI|1008=3|55=3960|1007=SCL|1008=3|55=3961|1007=SCM|1008=3|55=3962|1007=SCS|1008=3|55=3963|1007=SCVL|1008=3|55=3965|1007=SDGR|1008=3|55=3966|1007=SE|1008=3|55=3967|1007=SEDG|1008=3|55=3968|1007=SEE|1008=3|55=3969|1007=SEIC|1008=2|55=3971|1007=SENS|1008=2|55=3972|1007=SFIX|1008=3|55=3973|1007=SFM|1008=3|55=3974|1007=SFNC|1008=2|55=3976|1007=SGA|1008=3|55=3978|1007=SGHT|1008=3|55=3979|1007=SGMO|1008=2|55=3981|1007=SGU|1008=3|55=3982|1007=SHAK|1008=3|55=3983|1007=SHBI|1008=3|55=3984|1007=SHEL|1008=3|55=3985|1007=SHEN|1008=3|55=3986|1007=SHG|1008=3|55=3987|1007=SHLS|1008=3|55=3988|1007=SHO|1008=3|55=3990|1007=SHW|1008=3|55=3991|1007=SHY|1008=3|55=3994|1007=SIEGn|1008=2|55=3995|1007=SIFY|1008=3|55=3996|1007=SIL|1008=2|55=3997|1007=SILC|1008=3|55=3999|1007=SIMO|1008=3|55=4000|1007=SIRI|1008=3|55=4001|1007=SITC|1008=3|55=4002|1007=SITM|1008=3|55=4004|1007=SJM|1008=3|55=4005|1007=SKLZ|1008=3|55=4006|1007=SKM|1008=3|55=4008|1007=SKYW|1008=2|55=4009|1007=SKYY|1008=3|55=4010|1007=SLAB|1008=2|55=4011|1007=SLB|1008=3|55=4014|1007=SLI|1008=4|55=4015|1007=SLM|1008=3|55=4016|1007=SM|1008=2|55=4018|1007=SMG|1008=3|55=4019|1007=SMH|1008=3|55=4020|1007=SMP|1008=3|55=4021|1007=SMTC|1008=2|55=4022|1007=SMWB|1008=3|55=4023|1007=SNA|1008=3|55=4024|1007=SNAP|1008=3|55=4025|1007=SNDL|1008=3|55=4026|1007=SNDX|1008=3|55=4027|1007=SNEX|1008=3|55=4028|1007=SNOW|1008=3|55=4029|1007=SNPS|1008=2|55=4030|1007=SNSR|1008=4|55=4031|1007=SNX|1008=3|55=4032|1007=SO|1008=3|55=4033|1007=SOFI|1008=3|55=4034|1007=SOGN|1008=2|55=4036|1007=SON|1008=3|55=4037|1007=SONO|1008=3|55=4038|1007=SOXX|1008=3|55=4039|1007=SPB|1008=3|55=4040|1007=SPCE|1008=3|55=4041|1007=SPG|1008=3|55=4042|1007=SPGI|1008=3|55=4044|1007=SPNS|1008=3|55=4045|1007=SPOT|1008=3|55=4047|1007=SPR|1008=3|55=4048|1007=SPTN|1008=3|55=4049|1007=SPWH|1008=3|55=4050|1007=SPWR|1008=2|55=4051|1007=SPY|1008=3|55=4052|1007=SQ|1008=2|55=4054|1007=SRE|1008=3|55=4055|1007=SRG|1008=3|55=4056|1007=SRPT|1008=3|55=4057|1007=SSNC|1008=2|55=4058|1007=SSRM|1008=2|55=4059|1007=SSSS|1008=3|55=4060|1007=SSTI|1008=3|55=4061|1007=SSTK|1008=3|55=4063|1007=STAG|1008=3|55=4064|1007=STE|1008=3|55=4065|1007=STEM|1008=3|55=4066|1007=STEP|1008=3|55=4068|1007=STGW|1008=3|55=4069|1007=STK|1008=3|55=4070|1007=STKL|1008=3|55=4071|1007=STLA|1008=3|55=4072|1007=STLD|1008=3|55=4073|1007=STN|1008=3|55=4074|1007=STNE|1008=3|55=4075|1007=STNG|1008=3|55=4076|1007=STOK|1008=3|55=4077|1007=STRL|1008=3|55=4078|1007=STT|1008=3|55=4079|1007=STVN|1008=3|55=4080|1007=STWD|1008=3|55=4081|1007=STX|1008=3|55=4082|1007=STXS|1008=3|55=4083|1007=STZ|1008=3|55=4084|1007=SU|1008=3|55=4085|1007=SUI|1008=3|55=4087|1007=SVC|1008=3|55=4088|1007=SVM|1008=3|55=4090|1007=SWBI|1008=2|55=4091|1007=SWK|1008=3|55=4092|1007=SWKS|1008=2|55=4094|1007=SXI|1008=3|55=4095|1007=SXT|1008=3|10=038|
[CTraderFIX] SecurityList: 1824 entries parsed (total: 1824)
[CTraderFIX] Key symbol IDs:
  EURUSD = 1
  GBPUSD = 2
  USDJPY = 4
  AUDUSD = 5
  XAUUSD = 41
  XAGUSD = 42
  US30 = 193
  NAS100 = 185
  SPX500 = 191
  US500 = 2600
[CTraderFIX] âœ“ Subscribing to EURUSD (SecurityID=1)
[CTraderFIX] âœ“ Subscribing to GBPUSD (SecurityID=2)
[CTraderFIX] âœ“ Subscribing to USDJPY (SecurityID=4)
[FIX-DBG]   TX dequeued 173 bytes
[FIX-DBG]   SSL_write attempt: offset=0 remaining=173
[FIX-DBG]   SSL_write returned: 173
[FIX-DBG]   SSL_write sent 173 bytes, total=173
[FIX-DBG]   TX COMPLETE: sent=173 bytes OK
[FIX-DBG]   TX dequeued 173 bytes
[FIX-DBG]   SSL_write attempt: offset=0 remaining=173
[CTraderFIX] âœ“ Subscribing to AUDUSD (SecurityID=5)
[CTraderFIX] âœ“ Subscribing to USDCAD (SecurityID=8)
[CTraderFIX] âœ“ Subscribing to AUDNZD (SecurityID=20)
[CTraderFIX] âœ“ Subscribing to USDCHF (SecurityID=6)
[CTraderFIX] âœ“ Subscribing to XAUUSD (SecurityID=41)
[CTraderFIX] âœ“ Subscribing to XAGUSD (SecurityID=42)
[CTraderFIX] âœ“ Subscribing to US30 (SecurityID=193)
[CTraderFIX] âœ“ Subscribing to NAS100 (SecurityID=185)
[CTraderFIX] âœ“ Subscribing to SPX500 (SecurityID=191)
[CTraderFIX] ðŸŽ¯ First tick for EURUSD @ 116776656 ms
[FIX-DBG]   SSL_write returned: 173
[FIX-DBG]   SSL_write sent 173 bytes, total=173
[FIX-DBG]   TX COMPLETE: sent=173 bytes OK
[FIX-DBG]   TX dequeued 173 bytes
[FIX-DBG]   SSL_write attempt: offset=0 remaining=173
[FIX-DBG]   SSL_write returned: 173
[FIX-DBG]   SSL_write sent 173 bytes, total=173
[FIX-DBG]   TX COMPLETE: sent=173 bytes OK
[FIX-DBG]   TX dequeued 173 bytes
[FIX-DBG]   SSL_write attempt: offset=0 remaining=173
[FIX-DBG]   SSL_write returned: 173
[FIX-DBG]   SSL_write sent 173 bytes, total=173
[FIX-DBG]   TX COMPLETE: sent=173 bytes OK
[FIX-DBG]   TX dequeued 173 bytes
[FIX-DBG]   SSL_write attempt: offset=0 remaining=173
[FIX-DBG]   SSL_write returned: 173
[FIX-DBG]   SSL_write sent 173 bytes, total=173
[FIX-DBG]   TX COMPLETE: sent=173 bytes OK
[FIX-DBG]   TX dequeued 174 bytes
[FIX-DBG]   SSL_write attempt: offset=0 remaining=174
[FIX-DBG]   SSL_write returned: 174
[FIX-DBG]   SSL_write sent 174 bytes, total=174
[FIX-DBG]   TX COMPLETE: sent=174 bytes OK
[FIX-DBG]   TX dequeued 173 bytes
[FIX-DBG]   SSL_write attempt: offset=0 remaining=173
[FIX-DBG]   SSL_write returned: 173
[FIX-DBG]   SSL_write sent 173 bytes, total=173
[FIX-DBG]   TX COMPLETE: sent=173 bytes OK
[FIX-DBG]   TX dequeued 175 bytes
[FIX-DBG]   SSL_write attempt: offset=0 remaining=175
[FIX-DBG]   SSL_write returned: 175
[FIX-DBG]   SSL_write sent 175 bytes, total=175
[FIX-DBG]   TX COMPLETE: sent=175 bytes OK
[FIX-DBG]   TX dequeued 175 bytes
[FIX-DBG]   SSL_write attempt: offset=0 remaining=175
[FIX-DBG]   SSL_write returned: 175
[FIX-DBG]   SSL_write sent 175 bytes, total=175
[FIX-DBG]   TX COMPLETE: sent=175 bytes OK
[FIX-DBG]   TX dequeued 176 bytes
[FIX-DBG]   SSL_write attempt: offset=0 remaining=176
[FIX-DBG]   SSL_write returned: 176
[FIX-DBG]   SSL_write sent 176 bytes, total=176
[FIX-DBG]   TX COMPLETE: sent=176 bytes OK
[FIX-DBG]   TX dequeued 177 bytes
[FIX-DBG]   SSL_write attempt: offset=0 remaining=177
[FIX-DBG]   SSL_write returned: 177
[FIX-DBG]   SSL_write sent 177 bytes, total=177
[FIX-DBG]   TX COMPLETE: sent=177 bytes OK
[FIX-DBG]   TX dequeued 177 bytes
[FIX-DBG]   SSL_write attempt: offset=0 remaining=177
[FIX-DBG]   SSL_write attempt: offset=0 remaining=177
[CTraderFIX] ðŸŽ¯ First tick for GBPUSD @ 116776712 ms
[CTraderFIX] ðŸŽ¯ First tick for USDJPY @ 116776712 ms
[CTraderFIX] ðŸŽ¯ First tick for AUDUSD @ 116776712 ms
[CTraderFIX] ðŸŽ¯ First tick for USDCAD @ 116776713 ms
[CTraderFIX] ðŸŽ¯ First tick for AUDNZD @ 116776713 ms
[CTraderFIX] ðŸŽ¯ First tick for USDCHF @ 116776713 ms
[CTraderFIX] ðŸŽ¯ First tick for XAUUSD @ 116776714 ms
[CTraderFIX] ðŸŽ¯ First tick for XAGUSD @ 116776714 ms
[CTraderFIX] ðŸŽ¯ First tick for US30 @ 116776714 ms
[CTraderFIX] ðŸŽ¯ First tick for NAS100 @ 116776715 ms
[FIX-DBG]   SSL_write returned: 177
[FIX-DBG]   SSL_write sent 177 bytes, total=177
[FIX-DBG]   TX COMPLETE: sent=177 bytes OK
[CTraderFIX] ðŸŽ¯ First tick for SPX500 @ 116776755 ms
[HFT-BTCUSDT] t=300 ST=INIT EN=N WARMUP=WAIT REGIME=STABLE spread=0.00 edge=9.5 vol=2.0 disp=0.0 imb=-0.946 dir=-1 pos=N WR=0% (0/0)
[SYMBOL-MGR] All symbols DISABLED
[SYMBOL-MGR] XAUUSD -> ENABLED
[SYMBOL-MGR] AUDNZD -> ENABLED
[SYMBOL-MGR] NAS100 -> ENABLED
[SYMBOL-MGR] BTCUSDT -> ENABLED
[SYMBOL-MGR] ETHUSDT -> ENABLED
[SYMBOL-MGR] US30 -> ENABLED
[SYMBOL-MGR] SPX500 -> ENABLED
[HFT-SOLUSDT] t=100 ST=INIT EN=N WARMUP=WAIT REGIME=STABLE spread=0.80 edge=7.2 vol=2.0 disp=0.0 imb=-0.722 dir=-1 pos=N WR=0% (0/0)
[HFT-ETHUSDT] t=200 ST=INIT EN=Y WARMUP=WAIT REGIME=STABLE spread=0.03 edge=0.2 vol=0.0 disp=0.0 imb=-0.017 dir=0 pos=N WR=0% (0/0)
[HFT-ETHUSDT] t=300 ST=INIT EN=Y WARMUP=WAIT REGIME=STABLE spread=0.03 edge=0.1 vol=0.0 disp=0.0 imb=0.013 dir=0 pos=N WR=0% (0/0)
[HFT-OPUSDT] t=100 ST=INIT EN=N WARMUP=WAIT REGIME=TRANSITION spread=3.73 edge=9.3 vol=2.0 disp=0.0 imb=0.929 dir=1 pos=N WR=0% (0/0)
[HFT-SOLUSDT] t=200 ST=INIT EN=N WARMUP=WAIT REGIME=STABLE spread=0.80 edge=7.2 vol=2.0 disp=0.0 imb=-0.718 dir=-1 pos=N WR=0% (0/0)
[REGIME-AVAXUSDT] TRANSITION â†’ TOXIC spread=8bps std=2 flip=0 (hysteresis: 0ms)
[HFT-AVAXUSDT] t=100 ST=INIT EN=N WARMUP=WAIT REGIME=TOXIC spread=8.14 edge=0.5 vol=2.0 disp=0.0 imb=0.051 dir=0 pos=N WR=0% (0/0)
[HFT-OPUSDT] t=200 ST=INIT EN=N WARMUP=WAIT REGIME=TRANSITION spread=3.73 edge=9.4 vol=1.8 disp=0.0 imb=0.943 dir=1 pos=N WR=0% (0/0)
[REGIME-ARBUSDT] TRANSITION â†’ TOXIC spread=5bps std=1 flip=0 (hysteresis: 0ms)
[HFT-ARBUSDT] t=100 ST=INIT EN=N WARMUP=WAIT REGIME=TOXIC spread=5.36 edge=0.8 vol=2.0 disp=0.0 imb=-0.084 dir=0 pos=N WR=0% (0/0)
[BOOTSTRAP-BTCUSDT] âœ“ DATA_READY - advancing to WAIT_EDGE
[HFT-ETHUSDT] t=900 ST=INIT EN=Y WARMUP=OK REGIME=STABLE spread=0.03 edge=1.6 vol=0.0 disp=0.0 imb=0.164 dir=1 pos=N WR=0% (0/0)
[BOOTSTRAP-ETHUSDT] âœ“ DATA_READY - advancing to WAIT_EDGE
[FIX-DBG]   TX dequeued 99 bytes
[FIX-DBG]   SSL_write attempt: offset=0 remaining=99
[FIX-DBG]   SSL_write returned: 99
[FIX-DBG]   SSL_write sent 99 bytes, total=99
[FIX-DBG]   TX COMPLETE: sent=99 bytes OK
[BOOTSTRAP-SOLUSDT] âœ“ DATA_READY - advancing to WAIT_EDGE
[HFT-ETHUSDT] t=1000 ST=INIT EN=Y WARMUP=OK REGIME=STABLE spread=0.03 edge=0.3 vol=0.0 disp=0.0 imb=0.033 dir=0 pos=N WR=0% (0/0)
[FIX-DBG]   TX dequeued 100 bytes
[FIX-DBG]   SSL_write attempt: offset=0 remaining=100
[FIX-DBG]   SSL_write returned: 100
[FIX-DBG]   SSL_write sent 100 bytes, total=100
[FIX-DBG]   TX COMPLETE: sent=100 bytes OK
[HFT-SOLUSDT] t=500 ST=INIT EN=N WARMUP=OK REGIME=STABLE spread=0.80 edge=7.3 vol=0.0 disp=0.0 imb=-0.728 dir=-1 pos=N WR=0% (0/0)
[HFT-AVAXUSDT] t=200 ST=INIT EN=N WARMUP=WAIT REGIME=TOXIC spread=8.14 edge=2.0 vol=0.0 disp=0.0 imb=0.203 dir=1 pos=N WR=0% (0/0)
[HFT-BTCUSDT] t=1700 ST=INIT EN=Y WARMUP=OK REGIME=STABLE spread=0.00 edge=5.9 vol=0.0 disp=0.0 imb=-0.590 dir=-1 pos=N WR=0% (0/0)
[HFT-BTCUSDT] t=1800 ST=INIT EN=Y WARMUP=OK REGIME=STABLE spread=0.00 edge=6.0 vol=0.0 disp=0.0 imb=-0.603 dir=-1 pos=N WR=0% (0/0)
[HFT-SOLUSDT] t=600 ST=INIT EN=N WARMUP=OK REGIME=STABLE spread=0.80 edge=7.3 vol=0.0 disp=0.0 imb=-0.728 dir=-1 pos=N WR=0% (0/0)
