05:39:30.916 | === CHIMERA DEBUG LOG STARTED ===
05:39:30.916 | CfdEngine constructor called
05:39:32.832 | CfdEngine loop started
05:39:32.832 | FIX Config: host=demo-uk-eqx-02.p.c-trader.com quote_port=5211 trade_port=5212
05:39:32.832 | RECONNECT attempt #1 backoff=5s
05:39:34.859 | Calling fixClient_.connect()...
05:39:35.324 | CONNECTION FIX = CONNECTED
05:39:35.732 | Security list ready, subscribing symbols
05:39:35.742 | Subscribed to all symbols
05:39:35.751 | TICK EURUSD bid=1.17679 ask=1.17762 spread=0.00083
05:39:35.751 | REASON_CHANGE EURUSD:  -> INIT
05:39:35.751 | TICK GBPUSD bid=1.34904 ask=1.35046 spread=0.00142
05:39:35.751 | REASON_CHANGE GBPUSD:  -> INIT
05:39:35.751 | TICK USDJPY bid=156.46000 ask=156.62300 spread=0.16300
05:39:35.751 | REASON_CHANGE USDJPY:  -> INIT
05:39:35.762 | TICK AUDUSD bid=0.67146 ask=0.67201 spread=0.00055
05:39:35.762 | REASON_CHANGE AUDUSD:  -> INIT
05:39:35.762 | TICK USDCAD bid=1.36688 ask=1.36782 spread=0.00094
05:39:35.762 | REASON_CHANGE USDCAD:  -> INIT
05:39:35.763 | TICK USDCHF bid=0.78930 ask=0.78981 spread=0.00051
05:39:35.763 | REASON_CHANGE USDCHF:  -> INIT
05:39:35.769 | TICK XAUUSD bid=4530.98000 ask=4531.77000 spread=0.79000
05:39:35.769 | REASON_CHANGE XAUUSD:  -> INIT
05:39:35.770 | TICK US30 bid=48687.00000 ask=48690.00000 spread=3.00000
05:39:35.770 | REASON_CHANGE US30:  -> INIT
05:39:35.770 | TICK NAS100 bid=25626.20000 ask=25627.50000 spread=1.30000
05:39:35.770 | REASON_CHANGE NAS100:  -> INIT
05:39:35.771 | TICK SPX500 bid=6927.40000 ask=6928.10000 spread=0.70000
05:39:35.771 | REASON_CHANGE SPX500:  -> INIT
05:39:35.779 | TICK AUDNZD bid=1.15088 ask=1.15238 spread=0.00150
05:39:35.779 | REASON_CHANGE AUDNZD:  -> INIT
05:39:35.786 | TICK XAGUSD bid=79.33200 ask=79.35100 spread=0.01900
05:39:35.786 | REASON_CHANGE XAGUSD:  -> INIT
05:59:37.905 | REASON_CHANGE XAUUSD: INIT -> WARMUP
05:59:47.825 | REASON_CHANGE XAGUSD: INIT -> WARMUP
06:05:26.667 | Engine loop stopped
06:05:42.607 | === CHIMERA DEBUG LOG STARTED ===
06:05:42.607 | CfdEngine constructor called
06:05:44.489 | CfdEngine loop started
06:05:44.489 | FIX Config: host=demo-uk-eqx-02.p.c-trader.com quote_port=5211 trade_port=5212
06:05:44.490 | RECONNECT attempt #1 backoff=5s
06:05:46.504 | Calling fixClient_.connect()...
06:05:46.962 | CONNECTION FIX = CONNECTED
06:05:47.062 | Security list ready, subscribing symbols
06:05:47.064 | Subscribed to all symbols
06:05:47.073 | TICK EURUSD bid=1.17679 ask=1.17762 spread=0.00083
06:05:47.074 | REASON_CHANGE EURUSD:  -> INIT
06:05:47.074 | TICK GBPUSD bid=1.34904 ask=1.35046 spread=0.00142
06:05:47.074 | REASON_CHANGE GBPUSD:  -> INIT
06:05:47.074 | TICK USDJPY bid=156.46000 ask=156.62300 spread=0.16300
06:05:47.074 | REASON_CHANGE USDJPY:  -> INIT
06:05:47.291 | TICK AUDUSD bid=0.67146 ask=0.67201 spread=0.00055
06:05:47.292 | REASON_CHANGE AUDUSD:  -> INIT
06:05:47.292 | TICK USDCAD bid=1.36688 ask=1.36782 spread=0.00094
06:05:47.292 | REASON_CHANGE USDCAD:  -> INIT
06:05:47.292 | TICK AUDNZD bid=1.15088 ask=1.15238 spread=0.00150
06:05:47.292 | REASON_CHANGE AUDNZD:  -> INIT
06:05:47.292 | TICK USDCHF bid=0.78930 ask=0.78981 spread=0.00051
06:05:47.292 | REASON_CHANGE USDCHF:  -> INIT
06:05:47.292 | TICK XAUUSD bid=4530.98000 ask=4531.77000 spread=0.79000
06:05:47.292 | REASON_CHANGE XAUUSD:  -> INIT
06:05:47.292 | TICK XAGUSD bid=79.33200 ask=79.35100 spread=0.01900
06:05:47.292 | REASON_CHANGE XAGUSD:  -> INIT
06:05:47.292 | TICK US30 bid=48687.00000 ask=48690.00000 spread=3.00000
06:05:47.292 | REASON_CHANGE US30:  -> INIT
06:05:47.292 | TICK NAS100 bid=25626.20000 ask=25627.50000 spread=1.30000
06:05:47.292 | REASON_CHANGE NAS100:  -> INIT
06:05:47.293 | TICK SPX500 bid=6927.40000 ask=6928.10000 spread=0.70000
06:05:47.293 | REASON_CHANGE SPX500:  -> INIT
